{"/home/runner/work/shop-app/shop-app/src/index.js": {"path":"/home/runner/work/shop-app/shop-app/src/index.js","statementMap":{},"fnMap":{},"branchMap":{},"s":{},"f":{},"b":{}}
,"/home/runner/work/shop-app/shop-app/src/backend/server.js": {"path":"/home/runner/work/shop-app/shop-app/src/backend/server.js","statementMap":{"0":{"start":{"line":1,"column":16},"end":{"line":1,"column":34}},"1":{"start":{"line":2,"column":13},"end":{"line":2,"column":28}},"2":{"start":{"line":3,"column":15},"end":{"line":3,"column":32}},"3":{"start":{"line":4,"column":18},"end":{"line":4,"column":47}},"4":{"start":{"line":5,"column":15},"end":{"line":5,"column":32}},"5":{"start":{"line":6,"column":13},"end":{"line":6,"column":28}},"6":{"start":{"line":7,"column":17},"end":{"line":7,"column":37}},"7":{"start":{"line":10,"column":0},"end":{"line":10,"column":16}},"8":{"start":{"line":13,"column":12},"end":{"line":13,"column":21}},"9":{"start":{"line":14,"column":15},"end":{"line":14,"column":37}},"10":{"start":{"line":15,"column":11},"end":{"line":20,"column":2}},"11":{"start":{"line":23,"column":0},"end":{"line":23,"column":18}},"12":{"start":{"line":24,"column":0},"end":{"line":24,"column":16}},"13":{"start":{"line":25,"column":0},"end":{"line":25,"column":41}},"14":{"start":{"line":26,"column":0},"end":{"line":26,"column":63}},"15":{"start":{"line":29,"column":16},"end":{"line":33,"column":2}},"16":{"start":{"line":34,"column":0},"end":{"line":34,"column":26}},"17":{"start":{"line":37,"column":0},"end":{"line":39,"column":3}},"18":{"start":{"line":38,"column":2},"end":{"line":38,"column":52}},"19":{"start":{"line":42,"column":0},"end":{"line":42,"column":54}},"20":{"start":{"line":43,"column":0},"end":{"line":43,"column":56}},"21":{"start":{"line":44,"column":0},"end":{"line":44,"column":62}},"22":{"start":{"line":45,"column":0},"end":{"line":45,"column":64}},"23":{"start":{"line":46,"column":0},"end":{"line":46,"column":56}},"24":{"start":{"line":47,"column":0},"end":{"line":47,"column":64}},"25":{"start":{"line":48,"column":0},"end":{"line":48,"column":64}},"26":{"start":{"line":49,"column":0},"end":{"line":49,"column":64}},"27":{"start":{"line":50,"column":0},"end":{"line":50,"column":60}},"28":{"start":{"line":51,"column":0},"end":{"line":51,"column":60}},"29":{"start":{"line":52,"column":0},"end":{"line":52,"column":62}},"30":{"start":{"line":53,"column":0},"end":{"line":53,"column":62}},"31":{"start":{"line":56,"column":0},"end":{"line":70,"column":3}},"32":{"start":{"line":57,"column":2},"end":{"line":57,"column":50}},"33":{"start":{"line":59,"column":2},"end":{"line":61,"column":5}},"34":{"start":{"line":60,"column":4},"end":{"line":60,"column":39}},"35":{"start":{"line":63,"column":2},"end":{"line":65,"column":5}},"36":{"start":{"line":64,"column":4},"end":{"line":64,"column":35}},"37":{"start":{"line":67,"column":2},"end":{"line":69,"column":5}},"38":{"start":{"line":68,"column":4},"end":{"line":68,"column":51}},"39":{"start":{"line":73,"column":0},"end":{"line":80,"column":3}},"40":{"start":{"line":74,"column":2},"end":{"line":74,"column":27}},"41":{"start":{"line":75,"column":2},"end":{"line":79,"column":5}},"42":{"start":{"line":83,"column":13},"end":{"line":83,"column":37}},"43":{"start":{"line":84,"column":0},"end":{"line":87,"column":3}},"44":{"start":{"line":85,"column":2},"end":{"line":85,"column":66}},"45":{"start":{"line":86,"column":2},"end":{"line":86,"column":54}},"46":{"start":{"line":89,"column":0},"end":{"line":89,"column":29}}},"fnMap":{"0":{"name":"(anonymous_0)","decl":{"start":{"line":37,"column":19},"end":{"line":37,"column":20}},"loc":{"start":{"line":37,"column":33},"end":{"line":39,"column":1}},"line":37},"1":{"name":"(anonymous_1)","decl":{"start":{"line":56,"column":20},"end":{"line":56,"column":21}},"loc":{"start":{"line":56,"column":32},"end":{"line":70,"column":1}},"line":56},"2":{"name":"(anonymous_2)","decl":{"start":{"line":59,"column":32},"end":{"line":59,"column":33}},"loc":{"start":{"line":59,"column":42},"end":{"line":61,"column":3}},"line":59},"3":{"name":"(anonymous_3)","decl":{"start":{"line":63,"column":25},"end":{"line":63,"column":26}},"loc":{"start":{"line":63,"column":35},"end":{"line":65,"column":3}},"line":63},"4":{"name":"(anonymous_4)","decl":{"start":{"line":67,"column":26},"end":{"line":67,"column":27}},"loc":{"start":{"line":67,"column":32},"end":{"line":69,"column":3}},"line":67},"5":{"name":"(anonymous_5)","decl":{"start":{"line":73,"column":8},"end":{"line":73,"column":9}},"loc":{"start":{"line":73,"column":33},"end":{"line":80,"column":1}},"line":73},"6":{"name":"(anonymous_6)","decl":{"start":{"line":84,"column":20},"end":{"line":84,"column":21}},"loc":{"start":{"line":84,"column":26},"end":{"line":87,"column":1}},"line":84}},"branchMap":{"0":{"loc":{"start":{"line":75,"column":13},"end":{"line":75,"column":30}},"type":"binary-expr","locations":[{"start":{"line":75,"column":13},"end":{"line":75,"column":23}},{"start":{"line":75,"column":27},"end":{"line":75,"column":30}}],"line":75},"1":{"loc":{"start":{"line":77,"column":13},"end":{"line":77,"column":51}},"type":"binary-expr","locations":[{"start":{"line":77,"column":13},"end":{"line":77,"column":24}},{"start":{"line":77,"column":28},"end":{"line":77,"column":51}}],"line":77},"2":{"loc":{"start":{"line":78,"column":8},"end":{"line":78,"column":70}},"type":"binary-expr","locations":[{"start":{"line":78,"column":8},"end":{"line":78,"column":46}},{"start":{"line":78,"column":50},"end":{"line":78,"column":70}}],"line":78},"3":{"loc":{"start":{"line":83,"column":13},"end":{"line":83,"column":37}},"type":"binary-expr","locations":[{"start":{"line":83,"column":13},"end":{"line":83,"column":29}},{"start":{"line":83,"column":33},"end":{"line":83,"column":37}}],"line":83}},"s":{"0":0,"1":0,"2":0,"3":0,"4":0,"5":0,"6":0,"7":0,"8":0,"9":0,"10":0,"11":0,"12":0,"13":0,"14":0,"15":0,"16":0,"17":0,"18":0,"19":0,"20":0,"21":0,"22":0,"23":0,"24":0,"25":0,"26":0,"27":0,"28":0,"29":0,"30":0,"31":0,"32":0,"33":0,"34":0,"35":0,"36":0,"37":0,"38":0,"39":0,"40":0,"41":0,"42":0,"43":0,"44":0,"45":0,"46":0},"f":{"0":0,"1":0,"2":0,"3":0,"4":0,"5":0,"6":0},"b":{"0":[0,0],"1":[0,0],"2":[0,0],"3":[0,0]}}
,"/home/runner/work/shop-app/shop-app/src/backend/config/database.js": {"path":"/home/runner/work/shop-app/shop-app/src/backend/config/database.js","statementMap":{"0":{"start":{"line":1,"column":17},"end":{"line":1,"column":30}},"1":{"start":{"line":2,"column":15},"end":{"line":2,"column":32}},"2":{"start":{"line":4,"column":0},"end":{"line":4,"column":16}},"3":{"start":{"line":6,"column":13},"end":{"line":11,"column":2}},"4":{"start":{"line":13,"column":0},"end":{"line":16,"column":3}},"5":{"start":{"line":14,"column":2},"end":{"line":14,"column":56}},"6":{"start":{"line":15,"column":2},"end":{"line":15,"column":19}},"7":{"start":{"line":18,"column":0},"end":{"line":18,"column":22}}},"fnMap":{"0":{"name":"(anonymous_0)","decl":{"start":{"line":13,"column":17},"end":{"line":13,"column":18}},"loc":{"start":{"line":13,"column":26},"end":{"line":16,"column":1}},"line":13}},"branchMap":{},"s":{"0":0,"1":0,"2":0,"3":0,"4":0,"5":0,"6":0,"7":0},"f":{"0":0},"b":{}}
,"/home/runner/work/shop-app/shop-app/src/backend/controllers/auth.controller.js": {"path":"/home/runner/work/shop-app/shop-app/src/backend/controllers/auth.controller.js","statementMap":{"0":{"start":{"line":1,"column":13},"end":{"line":1,"column":42}},"1":{"start":{"line":2,"column":15},"end":{"line":2,"column":34}},"2":{"start":{"line":3,"column":12},"end":{"line":3,"column":35}},"3":{"start":{"line":4,"column":23},"end":{"line":4,"column":38}},"4":{"start":{"line":6,"column":17},"end":{"line":36,"column":1}},"5":{"start":{"line":7,"column":2},"end":{"line":35,"column":3}},"6":{"start":{"line":8,"column":49},"end":{"line":8,"column":57}},"7":{"start":{"line":11,"column":4},"end":{"line":13,"column":5}},"8":{"start":{"line":12,"column":6},"end":{"line":12,"column":90}},"9":{"start":{"line":16,"column":19},"end":{"line":16,"column":84}},"10":{"start":{"line":17,"column":4},"end":{"line":19,"column":5}},"11":{"start":{"line":18,"column":6},"end":{"line":18,"column":86}},"12":{"start":{"line":22,"column":27},"end":{"line":22,"column":91}},"13":{"start":{"line":25,"column":19},"end":{"line":25,"column":27}},"14":{"start":{"line":26,"column":4},"end":{"line":29,"column":6}},"15":{"start":{"line":31,"column":4},"end":{"line":31,"column":73}},"16":{"start":{"line":33,"column":4},"end":{"line":33,"column":44}},"17":{"start":{"line":34,"column":4},"end":{"line":34,"column":69}},"18":{"start":{"line":38,"column":14},"end":{"line":80,"column":1}},"19":{"start":{"line":39,"column":2},"end":{"line":79,"column":3}},"20":{"start":{"line":40,"column":32},"end":{"line":40,"column":40}},"21":{"start":{"line":42,"column":4},"end":{"line":44,"column":5}},"22":{"start":{"line":43,"column":6},"end":{"line":43,"column":94}},"23":{"start":{"line":46,"column":19},"end":{"line":46,"column":84}},"24":{"start":{"line":47,"column":4},"end":{"line":49,"column":5}},"25":{"start":{"line":48,"column":6},"end":{"line":48,"column":86}},"26":{"start":{"line":51,"column":17},"end":{"line":51,"column":31}},"27":{"start":{"line":54,"column":26},"end":{"line":54,"column":76}},"28":{"start":{"line":55,"column":4},"end":{"line":57,"column":5}},"29":{"start":{"line":56,"column":6},"end":{"line":56,"column":86}},"30":{"start":{"line":60,"column":18},"end":{"line":64,"column":5}},"31":{"start":{"line":66,"column":4},"end":{"line":75,"column":7}},"32":{"start":{"line":77,"column":4},"end":{"line":77,"column":41}},"33":{"start":{"line":78,"column":4},"end":{"line":78,"column":69}},"34":{"start":{"line":82,"column":21},"end":{"line":95,"column":1}},"35":{"start":{"line":83,"column":2},"end":{"line":94,"column":3}},"36":{"start":{"line":84,"column":22},"end":{"line":84,"column":30}},"37":{"start":{"line":85,"column":20},"end":{"line":85,"column":61}},"38":{"start":{"line":86,"column":21},"end":{"line":90,"column":5}},"39":{"start":{"line":91,"column":4},"end":{"line":91,"column":49}},"40":{"start":{"line":93,"column":4},"end":{"line":93,"column":78}},"41":{"start":{"line":97,"column":15},"end":{"line":100,"column":1}},"42":{"start":{"line":99,"column":2},"end":{"line":99,"column":66}},"43":{"start":{"line":102,"column":24},"end":{"line":110,"column":1}},"44":{"start":{"line":103,"column":2},"end":{"line":109,"column":3}},"45":{"start":{"line":104,"column":37},"end":{"line":104,"column":45}},"46":{"start":{"line":106,"column":4},"end":{"line":106,"column":62}},"47":{"start":{"line":108,"column":4},"end":{"line":108,"column":69}},"48":{"start":{"line":112,"column":0},"end":{"line":118,"column":2}}},"fnMap":{"0":{"name":"(anonymous_0)","decl":{"start":{"line":6,"column":17},"end":{"line":6,"column":18}},"loc":{"start":{"line":6,"column":37},"end":{"line":36,"column":1}},"line":6},"1":{"name":"(anonymous_1)","decl":{"start":{"line":38,"column":14},"end":{"line":38,"column":15}},"loc":{"start":{"line":38,"column":34},"end":{"line":80,"column":1}},"line":38},"2":{"name":"(anonymous_2)","decl":{"start":{"line":82,"column":21},"end":{"line":82,"column":22}},"loc":{"start":{"line":82,"column":41},"end":{"line":95,"column":1}},"line":82},"3":{"name":"(anonymous_3)","decl":{"start":{"line":97,"column":15},"end":{"line":97,"column":16}},"loc":{"start":{"line":97,"column":35},"end":{"line":100,"column":1}},"line":97},"4":{"name":"(anonymous_4)","decl":{"start":{"line":102,"column":24},"end":{"line":102,"column":25}},"loc":{"start":{"line":102,"column":44},"end":{"line":110,"column":1}},"line":102}},"branchMap":{"0":{"loc":{"start":{"line":11,"column":4},"end":{"line":13,"column":5}},"type":"if","locations":[{"start":{"line":11,"column":4},"end":{"line":13,"column":5}},{"start":{},"end":{}}],"line":11},"1":{"loc":{"start":{"line":11,"column":8},"end":{"line":11,"column":36}},"type":"binary-expr","locations":[{"start":{"line":11,"column":8},"end":{"line":11,"column":14}},{"start":{"line":11,"column":18},"end":{"line":11,"column":27}},{"start":{"line":11,"column":31},"end":{"line":11,"column":36}}],"line":11},"2":{"loc":{"start":{"line":17,"column":4},"end":{"line":19,"column":5}},"type":"if","locations":[{"start":{"line":17,"column":4},"end":{"line":19,"column":5}},{"start":{},"end":{}}],"line":17},"3":{"loc":{"start":{"line":42,"column":4},"end":{"line":44,"column":5}},"type":"if","locations":[{"start":{"line":42,"column":4},"end":{"line":44,"column":5}},{"start":{},"end":{}}],"line":42},"4":{"loc":{"start":{"line":42,"column":8},"end":{"line":42,"column":27}},"type":"binary-expr","locations":[{"start":{"line":42,"column":8},"end":{"line":42,"column":14}},{"start":{"line":42,"column":18},"end":{"line":42,"column":27}}],"line":42},"5":{"loc":{"start":{"line":47,"column":4},"end":{"line":49,"column":5}},"type":"if","locations":[{"start":{"line":47,"column":4},"end":{"line":49,"column":5}},{"start":{},"end":{}}],"line":47},"6":{"loc":{"start":{"line":55,"column":4},"end":{"line":57,"column":5}},"type":"if","locations":[{"start":{"line":55,"column":4},"end":{"line":57,"column":5}},{"start":{},"end":{}}],"line":55}},"s":{"0":1,"1":1,"2":1,"3":1,"4":1,"5":3,"6":3,"7":3,"8":1,"9":2,"10":2,"11":1,"12":1,"13":1,"14":1,"15":1,"16":0,"17":0,"18":1,"19":4,"20":4,"21":4,"22":1,"23":3,"24":3,"25":1,"26":2,"27":2,"28":2,"29":1,"30":1,"31":1,"32":0,"33":0,"34":1,"35":2,"36":2,"37":2,"38":1,"39":1,"40":1,"41":1,"42":1,"43":1,"44":1,"45":1,"46":1,"47":0,"48":1},"f":{"0":3,"1":4,"2":2,"3":1,"4":1},"b":{"0":[1,2],"1":[3,2,2],"2":[1,1],"3":[1,3],"4":[4,3],"5":[1,2],"6":[1,1]},"_coverageSchema":"1a1c01bbd47fc00a2c39e90264f33305004495a9","hash":"7dd5423827e3d62cfc9eadc3a4c7d207713de87b"}
,"/home/runner/work/shop-app/shop-app/src/backend/controllers/backups.controller.js": {"path":"/home/runner/work/shop-app/shop-app/src/backend/controllers/backups.controller.js","statementMap":{"0":{"start":{"line":1,"column":13},"end":{"line":1,"column":42}},"1":{"start":{"line":2,"column":23},"end":{"line":2,"column":38}},"2":{"start":{"line":3,"column":11},"end":{"line":3,"column":24}},"3":{"start":{"line":4,"column":13},"end":{"line":4,"column":28}},"4":{"start":{"line":6,"column":22},"end":{"line":15,"column":1}},"5":{"start":{"line":7,"column":2},"end":{"line":14,"column":3}},"6":{"start":{"line":8,"column":19},"end":{"line":10,"column":5}},"7":{"start":{"line":11,"column":4},"end":{"line":11,"column":51}},"8":{"start":{"line":13,"column":4},"end":{"line":13,"column":69}},"9":{"start":{"line":17,"column":21},"end":{"line":33,"column":1}},"10":{"start":{"line":18,"column":2},"end":{"line":32,"column":3}},"11":{"start":{"line":19,"column":21},"end":{"line":19,"column":29}},"12":{"start":{"line":20,"column":22},"end":{"line":20,"column":68}},"13":{"start":{"line":21,"column":23},"end":{"line":21,"column":98}},"14":{"start":{"line":24,"column":4},"end":{"line":27,"column":6}},"15":{"start":{"line":29,"column":4},"end":{"line":29,"column":81}},"16":{"start":{"line":31,"column":4},"end":{"line":31,"column":69}},"17":{"start":{"line":35,"column":22},"end":{"line":53,"column":1}},"18":{"start":{"line":36,"column":2},"end":{"line":52,"column":3}},"19":{"start":{"line":37,"column":25},"end":{"line":37,"column":33}},"20":{"start":{"line":39,"column":19},"end":{"line":42,"column":5}},"21":{"start":{"line":44,"column":4},"end":{"line":46,"column":5}},"22":{"start":{"line":45,"column":6},"end":{"line":45,"column":83}},"23":{"start":{"line":49,"column":4},"end":{"line":49,"column":60}},"24":{"start":{"line":51,"column":4},"end":{"line":51,"column":69}},"25":{"start":{"line":55,"column":21},"end":{"line":65,"column":1}},"26":{"start":{"line":56,"column":2},"end":{"line":64,"column":3}},"27":{"start":{"line":57,"column":19},"end":{"line":57,"column":29}},"28":{"start":{"line":59,"column":4},"end":{"line":59,"column":64}},"29":{"start":{"line":61,"column":4},"end":{"line":61,"column":59}},"30":{"start":{"line":63,"column":4},"end":{"line":63,"column":69}},"31":{"start":{"line":67,"column":27},"end":{"line":74,"column":1}},"32":{"start":{"line":68,"column":2},"end":{"line":73,"column":3}},"33":{"start":{"line":70,"column":4},"end":{"line":70,"column":66}},"34":{"start":{"line":72,"column":4},"end":{"line":72,"column":69}},"35":{"start":{"line":76,"column":0},"end":{"line":82,"column":2}}},"fnMap":{"0":{"name":"(anonymous_0)","decl":{"start":{"line":6,"column":22},"end":{"line":6,"column":23}},"loc":{"start":{"line":6,"column":42},"end":{"line":15,"column":1}},"line":6},"1":{"name":"(anonymous_1)","decl":{"start":{"line":17,"column":21},"end":{"line":17,"column":22}},"loc":{"start":{"line":17,"column":41},"end":{"line":33,"column":1}},"line":17},"2":{"name":"(anonymous_2)","decl":{"start":{"line":35,"column":22},"end":{"line":35,"column":23}},"loc":{"start":{"line":35,"column":42},"end":{"line":53,"column":1}},"line":35},"3":{"name":"(anonymous_3)","decl":{"start":{"line":55,"column":21},"end":{"line":55,"column":22}},"loc":{"start":{"line":55,"column":41},"end":{"line":65,"column":1}},"line":55},"4":{"name":"(anonymous_4)","decl":{"start":{"line":67,"column":27},"end":{"line":67,"column":28}},"loc":{"start":{"line":67,"column":47},"end":{"line":74,"column":1}},"line":67}},"branchMap":{"0":{"loc":{"start":{"line":21,"column":33},"end":{"line":21,"column":70}},"type":"binary-expr","locations":[{"start":{"line":21,"column":33},"end":{"line":21,"column":55}},{"start":{"line":21,"column":59},"end":{"line":21,"column":70}}],"line":21},"1":{"loc":{"start":{"line":44,"column":4},"end":{"line":46,"column":5}},"type":"if","locations":[{"start":{"line":44,"column":4},"end":{"line":46,"column":5}},{"start":{},"end":{}}],"line":44}},"s":{"0":0,"1":0,"2":0,"3":0,"4":0,"5":0,"6":0,"7":0,"8":0,"9":0,"10":0,"11":0,"12":0,"13":0,"14":0,"15":0,"16":0,"17":0,"18":0,"19":0,"20":0,"21":0,"22":0,"23":0,"24":0,"25":0,"26":0,"27":0,"28":0,"29":0,"30":0,"31":0,"32":0,"33":0,"34":0,"35":0},"f":{"0":0,"1":0,"2":0,"3":0,"4":0},"b":{"0":[0,0],"1":[0,0]}}
,"/home/runner/work/shop-app/shop-app/src/backend/controllers/customers.controller.js": {"path":"/home/runner/work/shop-app/shop-app/src/backend/controllers/customers.controller.js","statementMap":{"0":{"start":{"line":1,"column":13},"end":{"line":1,"column":42}},"1":{"start":{"line":2,"column":23},"end":{"line":2,"column":38}},"2":{"start":{"line":4,"column":24},"end":{"line":17,"column":1}},"3":{"start":{"line":5,"column":2},"end":{"line":16,"column":3}},"4":{"start":{"line":6,"column":37},"end":{"line":6,"column":46}},"5":{"start":{"line":8,"column":19},"end":{"line":11,"column":5}},"6":{"start":{"line":13,"column":4},"end":{"line":13,"column":51}},"7":{"start":{"line":15,"column":4},"end":{"line":15,"column":69}},"8":{"start":{"line":19,"column":24},"end":{"line":33,"column":1}},"9":{"start":{"line":20,"column":2},"end":{"line":32,"column":3}},"10":{"start":{"line":21,"column":22},"end":{"line":21,"column":32}},"11":{"start":{"line":22,"column":24},"end":{"line":22,"column":36}},"12":{"start":{"line":24,"column":19},"end":{"line":27,"column":5}},"13":{"start":{"line":29,"column":4},"end":{"line":29,"column":51}},"14":{"start":{"line":31,"column":4},"end":{"line":31,"column":69}},"15":{"start":{"line":35,"column":24},"end":{"line":52,"column":1}},"16":{"start":{"line":36,"column":2},"end":{"line":51,"column":3}},"17":{"start":{"line":37,"column":19},"end":{"line":37,"column":29}},"18":{"start":{"line":39,"column":19},"end":{"line":42,"column":5}},"19":{"start":{"line":44,"column":4},"end":{"line":46,"column":5}},"20":{"start":{"line":45,"column":6},"end":{"line":45,"column":85}},"21":{"start":{"line":48,"column":4},"end":{"line":48,"column":54}},"22":{"start":{"line":50,"column":4},"end":{"line":50,"column":69}},"23":{"start":{"line":54,"column":27},"end":{"line":67,"column":1}},"24":{"start":{"line":55,"column":2},"end":{"line":66,"column":3}},"25":{"start":{"line":56,"column":19},"end":{"line":56,"column":29}},"26":{"start":{"line":58,"column":19},"end":{"line":61,"column":5}},"27":{"start":{"line":63,"column":4},"end":{"line":63,"column":51}},"28":{"start":{"line":65,"column":4},"end":{"line":65,"column":69}},"29":{"start":{"line":69,"column":23},"end":{"line":85,"column":1}},"30":{"start":{"line":70,"column":2},"end":{"line":84,"column":3}},"31":{"start":{"line":71,"column":35},"end":{"line":71,"column":43}},"32":{"start":{"line":73,"column":23},"end":{"line":73,"column":31}},"33":{"start":{"line":75,"column":4},"end":{"line":79,"column":6}},"34":{"start":{"line":81,"column":4},"end":{"line":81,"column":73}},"35":{"start":{"line":83,"column":4},"end":{"line":83,"column":69}},"36":{"start":{"line":87,"column":23},"end":{"line":101,"column":1}},"37":{"start":{"line":88,"column":2},"end":{"line":100,"column":3}},"38":{"start":{"line":89,"column":19},"end":{"line":89,"column":29}},"39":{"start":{"line":90,"column":35},"end":{"line":90,"column":43}},"40":{"start":{"line":92,"column":4},"end":{"line":95,"column":6}},"41":{"start":{"line":97,"column":4},"end":{"line":97,"column":61}},"42":{"start":{"line":99,"column":4},"end":{"line":99,"column":69}},"43":{"start":{"line":103,"column":25},"end":{"line":117,"column":1}},"44":{"start":{"line":104,"column":2},"end":{"line":116,"column":3}},"45":{"start":{"line":105,"column":19},"end":{"line":105,"column":29}},"46":{"start":{"line":106,"column":23},"end":{"line":106,"column":31}},"47":{"start":{"line":108,"column":4},"end":{"line":111,"column":6}},"48":{"start":{"line":113,"column":4},"end":{"line":113,"column":65}},"49":{"start":{"line":115,"column":4},"end":{"line":115,"column":69}},"50":{"start":{"line":119,"column":22},"end":{"line":133,"column":1}},"51":{"start":{"line":120,"column":2},"end":{"line":132,"column":3}},"52":{"start":{"line":121,"column":19},"end":{"line":121,"column":29}},"53":{"start":{"line":122,"column":23},"end":{"line":122,"column":31}},"54":{"start":{"line":124,"column":4},"end":{"line":127,"column":6}},"55":{"start":{"line":129,"column":4},"end":{"line":129,"column":68}},"56":{"start":{"line":131,"column":4},"end":{"line":131,"column":69}},"57":{"start":{"line":135,"column":0},"end":{"line":144,"column":2}}},"fnMap":{"0":{"name":"(anonymous_0)","decl":{"start":{"line":4,"column":24},"end":{"line":4,"column":25}},"loc":{"start":{"line":4,"column":44},"end":{"line":17,"column":1}},"line":4},"1":{"name":"(anonymous_1)","decl":{"start":{"line":19,"column":24},"end":{"line":19,"column":25}},"loc":{"start":{"line":19,"column":44},"end":{"line":33,"column":1}},"line":19},"2":{"name":"(anonymous_2)","decl":{"start":{"line":35,"column":24},"end":{"line":35,"column":25}},"loc":{"start":{"line":35,"column":44},"end":{"line":52,"column":1}},"line":35},"3":{"name":"(anonymous_3)","decl":{"start":{"line":54,"column":27},"end":{"line":54,"column":28}},"loc":{"start":{"line":54,"column":47},"end":{"line":67,"column":1}},"line":54},"4":{"name":"(anonymous_4)","decl":{"start":{"line":69,"column":23},"end":{"line":69,"column":24}},"loc":{"start":{"line":69,"column":43},"end":{"line":85,"column":1}},"line":69},"5":{"name":"(anonymous_5)","decl":{"start":{"line":87,"column":23},"end":{"line":87,"column":24}},"loc":{"start":{"line":87,"column":43},"end":{"line":101,"column":1}},"line":87},"6":{"name":"(anonymous_6)","decl":{"start":{"line":103,"column":25},"end":{"line":103,"column":26}},"loc":{"start":{"line":103,"column":45},"end":{"line":117,"column":1}},"line":103},"7":{"name":"(anonymous_7)","decl":{"start":{"line":119,"column":22},"end":{"line":119,"column":23}},"loc":{"start":{"line":119,"column":42},"end":{"line":133,"column":1}},"line":119}},"branchMap":{"0":{"loc":{"start":{"line":6,"column":12},"end":{"line":6,"column":20}},"type":"default-arg","locations":[{"start":{"line":6,"column":19},"end":{"line":6,"column":20}}],"line":6},"1":{"loc":{"start":{"line":6,"column":22},"end":{"line":6,"column":32}},"type":"default-arg","locations":[{"start":{"line":6,"column":30},"end":{"line":6,"column":32}}],"line":6},"2":{"loc":{"start":{"line":44,"column":4},"end":{"line":46,"column":5}},"type":"if","locations":[{"start":{"line":44,"column":4},"end":{"line":46,"column":5}},{"start":{},"end":{}}],"line":44}},"s":{"0":0,"1":0,"2":0,"3":0,"4":0,"5":0,"6":0,"7":0,"8":0,"9":0,"10":0,"11":0,"12":0,"13":0,"14":0,"15":0,"16":0,"17":0,"18":0,"19":0,"20":0,"21":0,"22":0,"23":0,"24":0,"25":0,"26":0,"27":0,"28":0,"29":0,"30":0,"31":0,"32":0,"33":0,"34":0,"35":0,"36":0,"37":0,"38":0,"39":0,"40":0,"41":0,"42":0,"43":0,"44":0,"45":0,"46":0,"47":0,"48":0,"49":0,"50":0,"51":0,"52":0,"53":0,"54":0,"55":0,"56":0,"57":0},"f":{"0":0,"1":0,"2":0,"3":0,"4":0,"5":0,"6":0,"7":0},"b":{"0":[0],"1":[0],"2":[0,0]}}
,"/home/runner/work/shop-app/shop-app/src/backend/controllers/employees.controller.js": {"path":"/home/runner/work/shop-app/shop-app/src/backend/controllers/employees.controller.js","statementMap":{"0":{"start":{"line":1,"column":13},"end":{"line":1,"column":42}},"1":{"start":{"line":2,"column":23},"end":{"line":2,"column":38}},"2":{"start":{"line":4,"column":24},"end":{"line":14,"column":1}},"3":{"start":{"line":5,"column":2},"end":{"line":13,"column":3}},"4":{"start":{"line":6,"column":19},"end":{"line":9,"column":5}},"5":{"start":{"line":10,"column":4},"end":{"line":10,"column":51}},"6":{"start":{"line":12,"column":4},"end":{"line":12,"column":69}},"7":{"start":{"line":16,"column":24},"end":{"line":33,"column":1}},"8":{"start":{"line":17,"column":2},"end":{"line":32,"column":3}},"9":{"start":{"line":18,"column":19},"end":{"line":18,"column":29}},"10":{"start":{"line":20,"column":19},"end":{"line":23,"column":5}},"11":{"start":{"line":25,"column":4},"end":{"line":27,"column":5}},"12":{"start":{"line":26,"column":6},"end":{"line":26,"column":85}},"13":{"start":{"line":29,"column":4},"end":{"line":29,"column":54}},"14":{"start":{"line":31,"column":4},"end":{"line":31,"column":69}},"15":{"start":{"line":35,"column":23},"end":{"line":49,"column":1}},"16":{"start":{"line":36,"column":2},"end":{"line":48,"column":3}},"17":{"start":{"line":37,"column":19},"end":{"line":37,"column":29}},"18":{"start":{"line":38,"column":38},"end":{"line":38,"column":47}},"19":{"start":{"line":40,"column":19},"end":{"line":43,"column":5}},"20":{"start":{"line":45,"column":4},"end":{"line":45,"column":51}},"21":{"start":{"line":47,"column":4},"end":{"line":47,"column":69}},"22":{"start":{"line":51,"column":23},"end":{"line":70,"column":1}},"23":{"start":{"line":52,"column":2},"end":{"line":69,"column":3}},"24":{"start":{"line":53,"column":19},"end":{"line":53,"column":29}},"25":{"start":{"line":54,"column":35},"end":{"line":54,"column":44}},"26":{"start":{"line":56,"column":16},"end":{"line":56,"column":116}},"27":{"start":{"line":57,"column":19},"end":{"line":57,"column":23}},"28":{"start":{"line":59,"column":4},"end":{"line":62,"column":5}},"29":{"start":{"line":60,"column":6},"end":{"line":60,"column":60}},"30":{"start":{"line":61,"column":6},"end":{"line":61,"column":38}},"31":{"start":{"line":64,"column":19},"end":{"line":64,"column":50}},"32":{"start":{"line":66,"column":4},"end":{"line":66,"column":54}},"33":{"start":{"line":68,"column":4},"end":{"line":68,"column":69}},"34":{"start":{"line":72,"column":23},"end":{"line":90,"column":1}},"35":{"start":{"line":73,"column":2},"end":{"line":89,"column":3}},"36":{"start":{"line":74,"column":51},"end":{"line":74,"column":59}},"37":{"start":{"line":75,"column":19},"end":{"line":75,"column":38}},"38":{"start":{"line":77,"column":23},"end":{"line":77,"column":31}},"39":{"start":{"line":78,"column":27},"end":{"line":78,"column":58}},"40":{"start":{"line":80,"column":4},"end":{"line":84,"column":6}},"41":{"start":{"line":86,"column":4},"end":{"line":86,"column":73}},"42":{"start":{"line":88,"column":4},"end":{"line":88,"column":69}},"43":{"start":{"line":92,"column":23},"end":{"line":106,"column":1}},"44":{"start":{"line":93,"column":2},"end":{"line":105,"column":3}},"45":{"start":{"line":94,"column":19},"end":{"line":94,"column":29}},"46":{"start":{"line":95,"column":41},"end":{"line":95,"column":49}},"47":{"start":{"line":97,"column":4},"end":{"line":100,"column":6}},"48":{"start":{"line":102,"column":4},"end":{"line":102,"column":61}},"49":{"start":{"line":104,"column":4},"end":{"line":104,"column":69}},"50":{"start":{"line":108,"column":23},"end":{"line":118,"column":1}},"51":{"start":{"line":109,"column":2},"end":{"line":117,"column":3}},"52":{"start":{"line":110,"column":19},"end":{"line":110,"column":29}},"53":{"start":{"line":112,"column":4},"end":{"line":112,"column":62}},"54":{"start":{"line":114,"column":4},"end":{"line":114,"column":61}},"55":{"start":{"line":116,"column":4},"end":{"line":116,"column":69}},"56":{"start":{"line":120,"column":27},"end":{"line":133,"column":1}},"57":{"start":{"line":121,"column":2},"end":{"line":132,"column":3}},"58":{"start":{"line":122,"column":19},"end":{"line":122,"column":29}},"59":{"start":{"line":124,"column":4},"end":{"line":127,"column":6}},"60":{"start":{"line":129,"column":4},"end":{"line":129,"column":65}},"61":{"start":{"line":131,"column":4},"end":{"line":131,"column":69}},"62":{"start":{"line":135,"column":0},"end":{"line":144,"column":2}}},"fnMap":{"0":{"name":"(anonymous_0)","decl":{"start":{"line":4,"column":24},"end":{"line":4,"column":25}},"loc":{"start":{"line":4,"column":44},"end":{"line":14,"column":1}},"line":4},"1":{"name":"(anonymous_1)","decl":{"start":{"line":16,"column":24},"end":{"line":16,"column":25}},"loc":{"start":{"line":16,"column":44},"end":{"line":33,"column":1}},"line":16},"2":{"name":"(anonymous_2)","decl":{"start":{"line":35,"column":23},"end":{"line":35,"column":24}},"loc":{"start":{"line":35,"column":43},"end":{"line":49,"column":1}},"line":35},"3":{"name":"(anonymous_3)","decl":{"start":{"line":51,"column":23},"end":{"line":51,"column":24}},"loc":{"start":{"line":51,"column":43},"end":{"line":70,"column":1}},"line":51},"4":{"name":"(anonymous_4)","decl":{"start":{"line":72,"column":23},"end":{"line":72,"column":24}},"loc":{"start":{"line":72,"column":43},"end":{"line":90,"column":1}},"line":72},"5":{"name":"(anonymous_5)","decl":{"start":{"line":92,"column":23},"end":{"line":92,"column":24}},"loc":{"start":{"line":92,"column":43},"end":{"line":106,"column":1}},"line":92},"6":{"name":"(anonymous_6)","decl":{"start":{"line":108,"column":23},"end":{"line":108,"column":24}},"loc":{"start":{"line":108,"column":43},"end":{"line":118,"column":1}},"line":108},"7":{"name":"(anonymous_7)","decl":{"start":{"line":120,"column":27},"end":{"line":120,"column":28}},"loc":{"start":{"line":120,"column":47},"end":{"line":133,"column":1}},"line":120}},"branchMap":{"0":{"loc":{"start":{"line":25,"column":4},"end":{"line":27,"column":5}},"type":"if","locations":[{"start":{"line":25,"column":4},"end":{"line":27,"column":5}},{"start":{},"end":{}}],"line":25},"1":{"loc":{"start":{"line":38,"column":12},"end":{"line":38,"column":20}},"type":"default-arg","locations":[{"start":{"line":38,"column":19},"end":{"line":38,"column":20}}],"line":38},"2":{"loc":{"start":{"line":38,"column":22},"end":{"line":38,"column":33}},"type":"default-arg","locations":[{"start":{"line":38,"column":30},"end":{"line":38,"column":33}}],"line":38},"3":{"loc":{"start":{"line":59,"column":4},"end":{"line":62,"column":5}},"type":"if","locations":[{"start":{"line":59,"column":4},"end":{"line":62,"column":5}},{"start":{},"end":{}}],"line":59},"4":{"loc":{"start":{"line":59,"column":8},"end":{"line":59,"column":28}},"type":"binary-expr","locations":[{"start":{"line":59,"column":8},"end":{"line":59,"column":17}},{"start":{"line":59,"column":21},"end":{"line":59,"column":28}}],"line":59}},"s":{"0":0,"1":0,"2":0,"3":0,"4":0,"5":0,"6":0,"7":0,"8":0,"9":0,"10":0,"11":0,"12":0,"13":0,"14":0,"15":0,"16":0,"17":0,"18":0,"19":0,"20":0,"21":0,"22":0,"23":0,"24":0,"25":0,"26":0,"27":0,"28":0,"29":0,"30":0,"31":0,"32":0,"33":0,"34":0,"35":0,"36":0,"37":0,"38":0,"39":0,"40":0,"41":0,"42":0,"43":0,"44":0,"45":0,"46":0,"47":0,"48":0,"49":0,"50":0,"51":0,"52":0,"53":0,"54":0,"55":0,"56":0,"57":0,"58":0,"59":0,"60":0,"61":0,"62":0},"f":{"0":0,"1":0,"2":0,"3":0,"4":0,"5":0,"6":0,"7":0},"b":{"0":[0,0],"1":[0],"2":[0],"3":[0,0],"4":[0,0]}}
,"/home/runner/work/shop-app/shop-app/src/backend/controllers/inventory.controller.js": {"path":"/home/runner/work/shop-app/shop-app/src/backend/controllers/inventory.controller.js","statementMap":{"0":{"start":{"line":1,"column":13},"end":{"line":1,"column":42}},"1":{"start":{"line":2,"column":23},"end":{"line":2,"column":38}},"2":{"start":{"line":4,"column":21},"end":{"line":17,"column":1}},"3":{"start":{"line":5,"column":2},"end":{"line":16,"column":3}},"4":{"start":{"line":6,"column":19},"end":{"line":12,"column":5}},"5":{"start":{"line":13,"column":4},"end":{"line":13,"column":51}},"6":{"start":{"line":15,"column":4},"end":{"line":15,"column":69}},"7":{"start":{"line":19,"column":28},"end":{"line":36,"column":1}},"8":{"start":{"line":20,"column":2},"end":{"line":35,"column":3}},"9":{"start":{"line":21,"column":31},"end":{"line":21,"column":40}},"10":{"start":{"line":23,"column":19},"end":{"line":30,"column":5}},"11":{"start":{"line":32,"column":4},"end":{"line":32,"column":51}},"12":{"start":{"line":34,"column":4},"end":{"line":34,"column":69}},"13":{"start":{"line":38,"column":20},"end":{"line":72,"column":1}},"14":{"start":{"line":39,"column":2},"end":{"line":71,"column":3}},"15":{"start":{"line":40,"column":19},"end":{"line":40,"column":29}},"16":{"start":{"line":41,"column":55},"end":{"line":41,"column":63}},"17":{"start":{"line":43,"column":19},"end":{"line":43,"column":39}},"18":{"start":{"line":45,"column":4},"end":{"line":68,"column":5}},"19":{"start":{"line":46,"column":6},"end":{"line":46,"column":34}},"20":{"start":{"line":49,"column":6},"end":{"line":52,"column":8}},"21":{"start":{"line":55,"column":6},"end":{"line":59,"column":8}},"22":{"start":{"line":61,"column":6},"end":{"line":61,"column":35}},"23":{"start":{"line":62,"column":6},"end":{"line":62,"column":60}},"24":{"start":{"line":64,"column":6},"end":{"line":64,"column":37}},"25":{"start":{"line":65,"column":6},"end":{"line":65,"column":18}},"26":{"start":{"line":67,"column":6},"end":{"line":67,"column":23}},"27":{"start":{"line":70,"column":4},"end":{"line":70,"column":69}},"28":{"start":{"line":74,"column":28},"end":{"line":92,"column":1}},"29":{"start":{"line":75,"column":2},"end":{"line":91,"column":3}},"30":{"start":{"line":76,"column":38},"end":{"line":76,"column":47}},"31":{"start":{"line":78,"column":19},"end":{"line":86,"column":5}},"32":{"start":{"line":88,"column":4},"end":{"line":88,"column":51}},"33":{"start":{"line":90,"column":4},"end":{"line":90,"column":69}},"34":{"start":{"line":94,"column":24},"end":{"line":127,"column":1}},"35":{"start":{"line":95,"column":2},"end":{"line":126,"column":3}},"36":{"start":{"line":96,"column":28},"end":{"line":96,"column":36}},"37":{"start":{"line":98,"column":19},"end":{"line":98,"column":39}},"38":{"start":{"line":100,"column":4},"end":{"line":123,"column":5}},"39":{"start":{"line":101,"column":6},"end":{"line":101,"column":34}},"40":{"start":{"line":103,"column":6},"end":{"line":114,"column":7}},"41":{"start":{"line":104,"column":8},"end":{"line":107,"column":10}},"42":{"start":{"line":109,"column":8},"end":{"line":113,"column":10}},"43":{"start":{"line":116,"column":6},"end":{"line":116,"column":35}},"44":{"start":{"line":117,"column":6},"end":{"line":117,"column":83}},"45":{"start":{"line":119,"column":6},"end":{"line":119,"column":37}},"46":{"start":{"line":120,"column":6},"end":{"line":120,"column":18}},"47":{"start":{"line":122,"column":6},"end":{"line":122,"column":23}},"48":{"start":{"line":125,"column":4},"end":{"line":125,"column":69}},"49":{"start":{"line":129,"column":30},"end":{"line":155,"column":1}},"50":{"start":{"line":130,"column":2},"end":{"line":154,"column":3}},"51":{"start":{"line":131,"column":23},"end":{"line":133,"column":5}},"52":{"start":{"line":135,"column":21},"end":{"line":137,"column":5}},"53":{"start":{"line":139,"column":23},"end":{"line":141,"column":5}},"54":{"start":{"line":143,"column":4},"end":{"line":151,"column":7}},"55":{"start":{"line":153,"column":4},"end":{"line":153,"column":69}},"56":{"start":{"line":157,"column":0},"end":{"line":164,"column":2}}},"fnMap":{"0":{"name":"(anonymous_0)","decl":{"start":{"line":4,"column":21},"end":{"line":4,"column":22}},"loc":{"start":{"line":4,"column":41},"end":{"line":17,"column":1}},"line":4},"1":{"name":"(anonymous_1)","decl":{"start":{"line":19,"column":28},"end":{"line":19,"column":29}},"loc":{"start":{"line":19,"column":48},"end":{"line":36,"column":1}},"line":19},"2":{"name":"(anonymous_2)","decl":{"start":{"line":38,"column":20},"end":{"line":38,"column":21}},"loc":{"start":{"line":38,"column":40},"end":{"line":72,"column":1}},"line":38},"3":{"name":"(anonymous_3)","decl":{"start":{"line":74,"column":28},"end":{"line":74,"column":29}},"loc":{"start":{"line":74,"column":48},"end":{"line":92,"column":1}},"line":74},"4":{"name":"(anonymous_4)","decl":{"start":{"line":94,"column":24},"end":{"line":94,"column":25}},"loc":{"start":{"line":94,"column":44},"end":{"line":127,"column":1}},"line":94},"5":{"name":"(anonymous_5)","decl":{"start":{"line":129,"column":30},"end":{"line":129,"column":31}},"loc":{"start":{"line":129,"column":50},"end":{"line":155,"column":1}},"line":129}},"branchMap":{"0":{"loc":{"start":{"line":21,"column":12},"end":{"line":21,"column":26}},"type":"default-arg","locations":[{"start":{"line":21,"column":24},"end":{"line":21,"column":26}}],"line":21},"1":{"loc":{"start":{"line":41,"column":22},"end":{"line":41,"column":50}},"type":"default-arg","locations":[{"start":{"line":41,"column":31},"end":{"line":41,"column":50}}],"line":41},"2":{"loc":{"start":{"line":76,"column":12},"end":{"line":76,"column":20}},"type":"default-arg","locations":[{"start":{"line":76,"column":19},"end":{"line":76,"column":20}}],"line":76},"3":{"loc":{"start":{"line":76,"column":22},"end":{"line":76,"column":33}},"type":"default-arg","locations":[{"start":{"line":76,"column":30},"end":{"line":76,"column":33}}],"line":76}},"s":{"0":0,"1":0,"2":0,"3":0,"4":0,"5":0,"6":0,"7":0,"8":0,"9":0,"10":0,"11":0,"12":0,"13":0,"14":0,"15":0,"16":0,"17":0,"18":0,"19":0,"20":0,"21":0,"22":0,"23":0,"24":0,"25":0,"26":0,"27":0,"28":0,"29":0,"30":0,"31":0,"32":0,"33":0,"34":0,"35":0,"36":0,"37":0,"38":0,"39":0,"40":0,"41":0,"42":0,"43":0,"44":0,"45":0,"46":0,"47":0,"48":0,"49":0,"50":0,"51":0,"52":0,"53":0,"54":0,"55":0,"56":0},"f":{"0":0,"1":0,"2":0,"3":0,"4":0,"5":0},"b":{"0":[0],"1":[0],"2":[0],"3":[0]}}
,"/home/runner/work/shop-app/shop-app/src/backend/controllers/licenses.controller.js": {"path":"/home/runner/work/shop-app/shop-app/src/backend/controllers/licenses.controller.js","statementMap":{"0":{"start":{"line":1,"column":15},"end":{"line":1,"column":32}},"1":{"start":{"line":2,"column":15},"end":{"line":2,"column":32}},"2":{"start":{"line":4,"column":0},"end":{"line":4,"column":16}},"3":{"start":{"line":6,"column":25},"end":{"line":21,"column":1}},"4":{"start":{"line":7,"column":2},"end":{"line":20,"column":3}},"5":{"start":{"line":9,"column":4},"end":{"line":17,"column":7}},"6":{"start":{"line":19,"column":4},"end":{"line":19,"column":69}},"7":{"start":{"line":23,"column":24},"end":{"line":47,"column":1}},"8":{"start":{"line":24,"column":2},"end":{"line":46,"column":3}},"9":{"start":{"line":25,"column":27},"end":{"line":25,"column":35}},"10":{"start":{"line":27,"column":4},"end":{"line":29,"column":5}},"11":{"start":{"line":28,"column":6},"end":{"line":28,"column":87}},"12":{"start":{"line":32,"column":20},"end":{"line":32,"column":50}},"13":{"start":{"line":34,"column":4},"end":{"line":36,"column":5}},"14":{"start":{"line":35,"column":6},"end":{"line":35,"column":86}},"15":{"start":{"line":39,"column":4},"end":{"line":43,"column":7}},"16":{"start":{"line":45,"column":4},"end":{"line":45,"column":69}},"17":{"start":{"line":49,"column":21},"end":{"line":65,"column":1}},"18":{"start":{"line":50,"column":2},"end":{"line":64,"column":3}},"19":{"start":{"line":51,"column":27},"end":{"line":51,"column":35}},"20":{"start":{"line":53,"column":4},"end":{"line":55,"column":5}},"21":{"start":{"line":54,"column":6},"end":{"line":54,"column":87}},"22":{"start":{"line":57,"column":4},"end":{"line":61,"column":7}},"23":{"start":{"line":63,"column":4},"end":{"line":63,"column":69}},"24":{"start":{"line":67,"column":23},"end":{"line":84,"column":1}},"25":{"start":{"line":68,"column":2},"end":{"line":83,"column":3}},"26":{"start":{"line":69,"column":4},"end":{"line":80,"column":7}},"27":{"start":{"line":82,"column":4},"end":{"line":82,"column":69}},"28":{"start":{"line":86,"column":24},"end":{"line":96,"column":1}},"29":{"start":{"line":87,"column":2},"end":{"line":95,"column":3}},"30":{"start":{"line":88,"column":4},"end":{"line":92,"column":7}},"31":{"start":{"line":94,"column":4},"end":{"line":94,"column":69}},"32":{"start":{"line":98,"column":27},"end":{"line":101,"column":1}},"33":{"start":{"line":100,"column":2},"end":{"line":100,"column":31}},"34":{"start":{"line":103,"column":0},"end":{"line":109,"column":2}}},"fnMap":{"0":{"name":"(anonymous_0)","decl":{"start":{"line":6,"column":25},"end":{"line":6,"column":26}},"loc":{"start":{"line":6,"column":39},"end":{"line":21,"column":1}},"line":6},"1":{"name":"(anonymous_1)","decl":{"start":{"line":23,"column":24},"end":{"line":23,"column":25}},"loc":{"start":{"line":23,"column":38},"end":{"line":47,"column":1}},"line":23},"2":{"name":"(anonymous_2)","decl":{"start":{"line":49,"column":21},"end":{"line":49,"column":22}},"loc":{"start":{"line":49,"column":35},"end":{"line":65,"column":1}},"line":49},"3":{"name":"(anonymous_3)","decl":{"start":{"line":67,"column":23},"end":{"line":67,"column":24}},"loc":{"start":{"line":67,"column":37},"end":{"line":84,"column":1}},"line":67},"4":{"name":"(anonymous_4)","decl":{"start":{"line":86,"column":24},"end":{"line":86,"column":25}},"loc":{"start":{"line":86,"column":38},"end":{"line":96,"column":1}},"line":86},"5":{"name":"(anonymous_5)","decl":{"start":{"line":98,"column":27},"end":{"line":98,"column":28}},"loc":{"start":{"line":98,"column":36},"end":{"line":101,"column":1}},"line":98}},"branchMap":{"0":{"loc":{"start":{"line":27,"column":4},"end":{"line":29,"column":5}},"type":"if","locations":[{"start":{"line":27,"column":4},"end":{"line":29,"column":5}},{"start":{},"end":{}}],"line":27},"1":{"loc":{"start":{"line":34,"column":4},"end":{"line":36,"column":5}},"type":"if","locations":[{"start":{"line":34,"column":4},"end":{"line":36,"column":5}},{"start":{},"end":{}}],"line":34},"2":{"loc":{"start":{"line":53,"column":4},"end":{"line":55,"column":5}},"type":"if","locations":[{"start":{"line":53,"column":4},"end":{"line":55,"column":5}},{"start":{},"end":{}}],"line":53},"3":{"loc":{"start":{"line":100,"column":9},"end":{"line":100,"column":30}},"type":"binary-expr","locations":[{"start":{"line":100,"column":9},"end":{"line":100,"column":12}},{"start":{"line":100,"column":16},"end":{"line":100,"column":30}}],"line":100}},"s":{"0":0,"1":0,"2":0,"3":0,"4":0,"5":0,"6":0,"7":0,"8":0,"9":0,"10":0,"11":0,"12":0,"13":0,"14":0,"15":0,"16":0,"17":0,"18":0,"19":0,"20":0,"21":0,"22":0,"23":0,"24":0,"25":0,"26":0,"27":0,"28":0,"29":0,"30":0,"31":0,"32":0,"33":0,"34":0},"f":{"0":0,"1":0,"2":0,"3":0,"4":0,"5":0},"b":{"0":[0,0],"1":[0,0],"2":[0,0],"3":[0,0]}}
,"/home/runner/work/shop-app/shop-app/src/backend/controllers/products.controller.js": {"path":"/home/runner/work/shop-app/shop-app/src/backend/controllers/products.controller.js","statementMap":{"0":{"start":{"line":1,"column":13},"end":{"line":1,"column":42}},"1":{"start":{"line":2,"column":23},"end":{"line":2,"column":38}},"2":{"start":{"line":3,"column":18},"end":{"line":3,"column":38}},"3":{"start":{"line":5,"column":23},"end":{"line":24,"column":1}},"4":{"start":{"line":6,"column":2},"end":{"line":23,"column":3}},"5":{"start":{"line":7,"column":47},"end":{"line":7,"column":56}},"6":{"start":{"line":8,"column":16},"end":{"line":8,"column":65}},"7":{"start":{"line":9,"column":19},"end":{"line":9,"column":21}},"8":{"start":{"line":11,"column":4},"end":{"line":14,"column":5}},"9":{"start":{"line":12,"column":6},"end":{"line":12,"column":39}},"10":{"start":{"line":13,"column":6},"end":{"line":13,"column":28}},"11":{"start":{"line":16,"column":4},"end":{"line":16,"column":107}},"12":{"start":{"line":17,"column":4},"end":{"line":17,"column":29}},"13":{"start":{"line":19,"column":19},"end":{"line":19,"column":50}},"14":{"start":{"line":20,"column":4},"end":{"line":20,"column":51}},"15":{"start":{"line":22,"column":4},"end":{"line":22,"column":69}},"16":{"start":{"line":26,"column":23},"end":{"line":43,"column":1}},"17":{"start":{"line":27,"column":2},"end":{"line":42,"column":3}},"18":{"start":{"line":28,"column":22},"end":{"line":28,"column":32}},"19":{"start":{"line":29,"column":24},"end":{"line":29,"column":36}},"20":{"start":{"line":31,"column":19},"end":{"line":37,"column":5}},"21":{"start":{"line":39,"column":4},"end":{"line":39,"column":51}},"22":{"start":{"line":41,"column":4},"end":{"line":41,"column":69}},"23":{"start":{"line":45,"column":23},"end":{"line":70,"column":1}},"24":{"start":{"line":46,"column":2},"end":{"line":69,"column":3}},"25":{"start":{"line":47,"column":19},"end":{"line":47,"column":29}},"26":{"start":{"line":49,"column":26},"end":{"line":52,"column":5}},"27":{"start":{"line":54,"column":4},"end":{"line":56,"column":5}},"28":{"start":{"line":55,"column":6},"end":{"line":55,"column":84}},"29":{"start":{"line":58,"column":27},"end":{"line":61,"column":5}},"30":{"start":{"line":63,"column":20},"end":{"line":63,"column":41}},"31":{"start":{"line":64,"column":4},"end":{"line":64,"column":43}},"32":{"start":{"line":66,"column":4},"end":{"line":66,"column":47}},"33":{"start":{"line":68,"column":4},"end":{"line":68,"column":69}},"34":{"start":{"line":72,"column":22},"end":{"line":95,"column":1}},"35":{"start":{"line":73,"column":2},"end":{"line":94,"column":3}},"36":{"start":{"line":74,"column":106},"end":{"line":74,"column":114}},"37":{"start":{"line":77,"column":4},"end":{"line":79,"column":5}},"38":{"start":{"line":78,"column":6},"end":{"line":78,"column":90}},"39":{"start":{"line":81,"column":22},"end":{"line":81,"column":30}},"40":{"start":{"line":82,"column":26},"end":{"line":82,"column":89}},"41":{"start":{"line":84,"column":4},"end":{"line":89,"column":6}},"42":{"start":{"line":91,"column":4},"end":{"line":91,"column":71}},"43":{"start":{"line":93,"column":4},"end":{"line":93,"column":69}},"44":{"start":{"line":97,"column":22},"end":{"line":115,"column":1}},"45":{"start":{"line":98,"column":2},"end":{"line":114,"column":3}},"46":{"start":{"line":99,"column":19},"end":{"line":99,"column":29}},"47":{"start":{"line":100,"column":97},"end":{"line":100,"column":105}},"48":{"start":{"line":102,"column":26},"end":{"line":102,"column":89}},"49":{"start":{"line":104,"column":4},"end":{"line":109,"column":6}},"50":{"start":{"line":111,"column":4},"end":{"line":111,"column":60}},"51":{"start":{"line":113,"column":4},"end":{"line":113,"column":69}},"52":{"start":{"line":117,"column":22},"end":{"line":130,"column":1}},"53":{"start":{"line":118,"column":2},"end":{"line":129,"column":3}},"54":{"start":{"line":119,"column":19},"end":{"line":119,"column":29}},"55":{"start":{"line":121,"column":4},"end":{"line":124,"column":6}},"56":{"start":{"line":126,"column":4},"end":{"line":126,"column":60}},"57":{"start":{"line":128,"column":4},"end":{"line":128,"column":69}},"58":{"start":{"line":132,"column":19},"end":{"line":149,"column":1}},"59":{"start":{"line":133,"column":2},"end":{"line":148,"column":3}},"60":{"start":{"line":134,"column":19},"end":{"line":134,"column":29}},"61":{"start":{"line":135,"column":59},"end":{"line":135,"column":67}},"62":{"start":{"line":137,"column":22},"end":{"line":137,"column":30}},"63":{"start":{"line":139,"column":4},"end":{"line":143,"column":6}},"64":{"start":{"line":145,"column":4},"end":{"line":145,"column":69}},"65":{"start":{"line":147,"column":4},"end":{"line":147,"column":69}},"66":{"start":{"line":151,"column":19},"end":{"line":159,"column":1}},"67":{"start":{"line":152,"column":2},"end":{"line":158,"column":3}},"68":{"start":{"line":153,"column":25},"end":{"line":153,"column":33}},"69":{"start":{"line":155,"column":4},"end":{"line":155,"column":81}},"70":{"start":{"line":157,"column":4},"end":{"line":157,"column":69}},"71":{"start":{"line":161,"column":19},"end":{"line":168,"column":1}},"72":{"start":{"line":162,"column":2},"end":{"line":167,"column":3}},"73":{"start":{"line":163,"column":19},"end":{"line":163,"column":86}},"74":{"start":{"line":164,"column":4},"end":{"line":164,"column":51}},"75":{"start":{"line":166,"column":4},"end":{"line":166,"column":69}},"76":{"start":{"line":170,"column":0},"end":{"line":180,"column":2}}},"fnMap":{"0":{"name":"(anonymous_0)","decl":{"start":{"line":5,"column":23},"end":{"line":5,"column":24}},"loc":{"start":{"line":5,"column":43},"end":{"line":24,"column":1}},"line":5},"1":{"name":"(anonymous_1)","decl":{"start":{"line":26,"column":23},"end":{"line":26,"column":24}},"loc":{"start":{"line":26,"column":43},"end":{"line":43,"column":1}},"line":26},"2":{"name":"(anonymous_2)","decl":{"start":{"line":45,"column":23},"end":{"line":45,"column":24}},"loc":{"start":{"line":45,"column":43},"end":{"line":70,"column":1}},"line":45},"3":{"name":"(anonymous_3)","decl":{"start":{"line":72,"column":22},"end":{"line":72,"column":23}},"loc":{"start":{"line":72,"column":42},"end":{"line":95,"column":1}},"line":72},"4":{"name":"(anonymous_4)","decl":{"start":{"line":97,"column":22},"end":{"line":97,"column":23}},"loc":{"start":{"line":97,"column":42},"end":{"line":115,"column":1}},"line":97},"5":{"name":"(anonymous_5)","decl":{"start":{"line":117,"column":22},"end":{"line":117,"column":23}},"loc":{"start":{"line":117,"column":42},"end":{"line":130,"column":1}},"line":117},"6":{"name":"(anonymous_6)","decl":{"start":{"line":132,"column":19},"end":{"line":132,"column":20}},"loc":{"start":{"line":132,"column":39},"end":{"line":149,"column":1}},"line":132},"7":{"name":"(anonymous_7)","decl":{"start":{"line":151,"column":19},"end":{"line":151,"column":20}},"loc":{"start":{"line":151,"column":39},"end":{"line":159,"column":1}},"line":151},"8":{"name":"(anonymous_8)","decl":{"start":{"line":161,"column":19},"end":{"line":161,"column":20}},"loc":{"start":{"line":161,"column":39},"end":{"line":168,"column":1}},"line":161}},"branchMap":{"0":{"loc":{"start":{"line":7,"column":22},"end":{"line":7,"column":30}},"type":"default-arg","locations":[{"start":{"line":7,"column":29},"end":{"line":7,"column":30}}],"line":7},"1":{"loc":{"start":{"line":7,"column":32},"end":{"line":7,"column":42}},"type":"default-arg","locations":[{"start":{"line":7,"column":40},"end":{"line":7,"column":42}}],"line":7},"2":{"loc":{"start":{"line":11,"column":4},"end":{"line":14,"column":5}},"type":"if","locations":[{"start":{"line":11,"column":4},"end":{"line":14,"column":5}},{"start":{},"end":{}}],"line":11},"3":{"loc":{"start":{"line":54,"column":4},"end":{"line":56,"column":5}},"type":"if","locations":[{"start":{"line":54,"column":4},"end":{"line":56,"column":5}},{"start":{},"end":{}}],"line":54},"4":{"loc":{"start":{"line":77,"column":4},"end":{"line":79,"column":5}},"type":"if","locations":[{"start":{"line":77,"column":4},"end":{"line":79,"column":5}},{"start":{},"end":{}}],"line":77},"5":{"loc":{"start":{"line":77,"column":8},"end":{"line":77,"column":39}},"type":"binary-expr","locations":[{"start":{"line":77,"column":8},"end":{"line":77,"column":13}},{"start":{"line":77,"column":17},"end":{"line":77,"column":21}},{"start":{"line":77,"column":25},"end":{"line":77,"column":39}}],"line":77}},"s":{"0":0,"1":0,"2":0,"3":0,"4":0,"5":0,"6":0,"7":0,"8":0,"9":0,"10":0,"11":0,"12":0,"13":0,"14":0,"15":0,"16":0,"17":0,"18":0,"19":0,"20":0,"21":0,"22":0,"23":0,"24":0,"25":0,"26":0,"27":0,"28":0,"29":0,"30":0,"31":0,"32":0,"33":0,"34":0,"35":0,"36":0,"37":0,"38":0,"39":0,"40":0,"41":0,"42":0,"43":0,"44":0,"45":0,"46":0,"47":0,"48":0,"49":0,"50":0,"51":0,"52":0,"53":0,"54":0,"55":0,"56":0,"57":0,"58":0,"59":0,"60":0,"61":0,"62":0,"63":0,"64":0,"65":0,"66":0,"67":0,"68":0,"69":0,"70":0,"71":0,"72":0,"73":0,"74":0,"75":0,"76":0},"f":{"0":0,"1":0,"2":0,"3":0,"4":0,"5":0,"6":0,"7":0,"8":0},"b":{"0":[0],"1":[0],"2":[0,0],"3":[0,0],"4":[0,0],"5":[0,0,0]}}
,"/home/runner/work/shop-app/shop-app/src/backend/controllers/reports.controller.js": {"path":"/home/runner/work/shop-app/shop-app/src/backend/controllers/reports.controller.js","statementMap":{"0":{"start":{"line":1,"column":13},"end":{"line":1,"column":42}},"1":{"start":{"line":3,"column":23},"end":{"line":18,"column":1}},"2":{"start":{"line":4,"column":2},"end":{"line":17,"column":3}},"3":{"start":{"line":5,"column":21},"end":{"line":5,"column":30}},"4":{"start":{"line":6,"column":23},"end":{"line":6,"column":69}},"5":{"start":{"line":8,"column":19},"end":{"line":12,"column":5}},"6":{"start":{"line":14,"column":4},"end":{"line":14,"column":54}},"7":{"start":{"line":16,"column":4},"end":{"line":16,"column":69}},"8":{"start":{"line":20,"column":24},"end":{"line":32,"column":1}},"9":{"start":{"line":21,"column":2},"end":{"line":31,"column":3}},"10":{"start":{"line":22,"column":19},"end":{"line":26,"column":5}},"11":{"start":{"line":28,"column":4},"end":{"line":28,"column":51}},"12":{"start":{"line":30,"column":4},"end":{"line":30,"column":69}},"13":{"start":{"line":34,"column":25},"end":{"line":52,"column":1}},"14":{"start":{"line":35,"column":2},"end":{"line":51,"column":3}},"15":{"start":{"line":36,"column":28},"end":{"line":36,"column":37}},"16":{"start":{"line":37,"column":24},"end":{"line":37,"column":34}},"17":{"start":{"line":38,"column":23},"end":{"line":38,"column":56}},"18":{"start":{"line":39,"column":24},"end":{"line":39,"column":59}},"19":{"start":{"line":41,"column":19},"end":{"line":46,"column":5}},"20":{"start":{"line":48,"column":4},"end":{"line":48,"column":51}},"21":{"start":{"line":50,"column":4},"end":{"line":50,"column":69}},"22":{"start":{"line":54,"column":28},"end":{"line":75,"column":1}},"23":{"start":{"line":55,"column":2},"end":{"line":74,"column":3}},"24":{"start":{"line":56,"column":35},"end":{"line":56,"column":44}},"25":{"start":{"line":58,"column":19},"end":{"line":69,"column":5}},"26":{"start":{"line":71,"column":4},"end":{"line":71,"column":54}},"27":{"start":{"line":73,"column":4},"end":{"line":73,"column":69}},"28":{"start":{"line":77,"column":27},"end":{"line":91,"column":1}},"29":{"start":{"line":78,"column":2},"end":{"line":90,"column":3}},"30":{"start":{"line":79,"column":19},"end":{"line":85,"column":5}},"31":{"start":{"line":87,"column":4},"end":{"line":87,"column":51}},"32":{"start":{"line":89,"column":4},"end":{"line":89,"column":69}},"33":{"start":{"line":93,"column":26},"end":{"line":108,"column":1}},"34":{"start":{"line":94,"column":2},"end":{"line":107,"column":3}},"35":{"start":{"line":95,"column":19},"end":{"line":102,"column":5}},"36":{"start":{"line":104,"column":4},"end":{"line":104,"column":51}},"37":{"start":{"line":106,"column":4},"end":{"line":106,"column":69}},"38":{"start":{"line":110,"column":29},"end":{"line":129,"column":1}},"39":{"start":{"line":111,"column":2},"end":{"line":128,"column":3}},"40":{"start":{"line":112,"column":27},"end":{"line":112,"column":36}},"41":{"start":{"line":114,"column":19},"end":{"line":123,"column":5}},"42":{"start":{"line":125,"column":4},"end":{"line":125,"column":51}},"43":{"start":{"line":127,"column":4},"end":{"line":127,"column":69}},"44":{"start":{"line":131,"column":27},"end":{"line":145,"column":1}},"45":{"start":{"line":132,"column":2},"end":{"line":144,"column":3}},"46":{"start":{"line":133,"column":19},"end":{"line":139,"column":5}},"47":{"start":{"line":141,"column":4},"end":{"line":141,"column":51}},"48":{"start":{"line":143,"column":4},"end":{"line":143,"column":69}},"49":{"start":{"line":147,"column":20},"end":{"line":154,"column":1}},"50":{"start":{"line":148,"column":2},"end":{"line":153,"column":3}},"51":{"start":{"line":150,"column":4},"end":{"line":150,"column":57}},"52":{"start":{"line":152,"column":4},"end":{"line":152,"column":69}},"53":{"start":{"line":156,"column":22},"end":{"line":163,"column":1}},"54":{"start":{"line":157,"column":2},"end":{"line":162,"column":3}},"55":{"start":{"line":159,"column":4},"end":{"line":159,"column":59}},"56":{"start":{"line":161,"column":4},"end":{"line":161,"column":69}},"57":{"start":{"line":165,"column":0},"end":{"line":176,"column":2}}},"fnMap":{"0":{"name":"(anonymous_0)","decl":{"start":{"line":3,"column":23},"end":{"line":3,"column":24}},"loc":{"start":{"line":3,"column":43},"end":{"line":18,"column":1}},"line":3},"1":{"name":"(anonymous_1)","decl":{"start":{"line":20,"column":24},"end":{"line":20,"column":25}},"loc":{"start":{"line":20,"column":44},"end":{"line":32,"column":1}},"line":20},"2":{"name":"(anonymous_2)","decl":{"start":{"line":34,"column":25},"end":{"line":34,"column":26}},"loc":{"start":{"line":34,"column":45},"end":{"line":52,"column":1}},"line":34},"3":{"name":"(anonymous_3)","decl":{"start":{"line":54,"column":28},"end":{"line":54,"column":29}},"loc":{"start":{"line":54,"column":48},"end":{"line":75,"column":1}},"line":54},"4":{"name":"(anonymous_4)","decl":{"start":{"line":77,"column":27},"end":{"line":77,"column":28}},"loc":{"start":{"line":77,"column":47},"end":{"line":91,"column":1}},"line":77},"5":{"name":"(anonymous_5)","decl":{"start":{"line":93,"column":26},"end":{"line":93,"column":27}},"loc":{"start":{"line":93,"column":46},"end":{"line":108,"column":1}},"line":93},"6":{"name":"(anonymous_6)","decl":{"start":{"line":110,"column":29},"end":{"line":110,"column":30}},"loc":{"start":{"line":110,"column":49},"end":{"line":129,"column":1}},"line":110},"7":{"name":"(anonymous_7)","decl":{"start":{"line":131,"column":27},"end":{"line":131,"column":28}},"loc":{"start":{"line":131,"column":47},"end":{"line":145,"column":1}},"line":131},"8":{"name":"(anonymous_8)","decl":{"start":{"line":147,"column":20},"end":{"line":147,"column":21}},"loc":{"start":{"line":147,"column":40},"end":{"line":154,"column":1}},"line":147},"9":{"name":"(anonymous_9)","decl":{"start":{"line":156,"column":22},"end":{"line":156,"column":23}},"loc":{"start":{"line":156,"column":42},"end":{"line":163,"column":1}},"line":156}},"branchMap":{"0":{"loc":{"start":{"line":6,"column":23},"end":{"line":6,"column":69}},"type":"binary-expr","locations":[{"start":{"line":6,"column":23},"end":{"line":6,"column":27}},{"start":{"line":6,"column":31},"end":{"line":6,"column":69}}],"line":6},"1":{"loc":{"start":{"line":38,"column":23},"end":{"line":38,"column":56}},"type":"binary-expr","locations":[{"start":{"line":38,"column":23},"end":{"line":38,"column":27}},{"start":{"line":38,"column":31},"end":{"line":38,"column":56}}],"line":38},"2":{"loc":{"start":{"line":39,"column":24},"end":{"line":39,"column":59}},"type":"binary-expr","locations":[{"start":{"line":39,"column":24},"end":{"line":39,"column":29}},{"start":{"line":39,"column":33},"end":{"line":39,"column":59}}],"line":39},"3":{"loc":{"start":{"line":112,"column":12},"end":{"line":112,"column":22}},"type":"default-arg","locations":[{"start":{"line":112,"column":20},"end":{"line":112,"column":22}}],"line":112}},"s":{"0":0,"1":0,"2":0,"3":0,"4":0,"5":0,"6":0,"7":0,"8":0,"9":0,"10":0,"11":0,"12":0,"13":0,"14":0,"15":0,"16":0,"17":0,"18":0,"19":0,"20":0,"21":0,"22":0,"23":0,"24":0,"25":0,"26":0,"27":0,"28":0,"29":0,"30":0,"31":0,"32":0,"33":0,"34":0,"35":0,"36":0,"37":0,"38":0,"39":0,"40":0,"41":0,"42":0,"43":0,"44":0,"45":0,"46":0,"47":0,"48":0,"49":0,"50":0,"51":0,"52":0,"53":0,"54":0,"55":0,"56":0,"57":0},"f":{"0":0,"1":0,"2":0,"3":0,"4":0,"5":0,"6":0,"7":0,"8":0,"9":0},"b":{"0":[0,0],"1":[0,0],"2":[0,0],"3":[0]}}
,"/home/runner/work/shop-app/shop-app/src/backend/controllers/sales.controller.js": {"path":"/home/runner/work/shop-app/shop-app/src/backend/controllers/sales.controller.js","statementMap":{"0":{"start":{"line":1,"column":13},"end":{"line":1,"column":42}},"1":{"start":{"line":2,"column":23},"end":{"line":2,"column":38}},"2":{"start":{"line":4,"column":20},"end":{"line":26,"column":1}},"3":{"start":{"line":5,"column":2},"end":{"line":25,"column":3}},"4":{"start":{"line":6,"column":57},"end":{"line":6,"column":66}},"5":{"start":{"line":8,"column":16},"end":{"line":8,"column":62}},"6":{"start":{"line":9,"column":19},"end":{"line":9,"column":21}},"7":{"start":{"line":10,"column":21},"end":{"line":10,"column":22}},"8":{"start":{"line":12,"column":4},"end":{"line":16,"column":5}},"9":{"start":{"line":13,"column":6},"end":{"line":13,"column":88}},"10":{"start":{"line":14,"column":6},"end":{"line":14,"column":38}},"11":{"start":{"line":15,"column":6},"end":{"line":15,"column":22}},"12":{"start":{"line":18,"column":4},"end":{"line":18,"column":88}},"13":{"start":{"line":19,"column":4},"end":{"line":19,"column":29}},"14":{"start":{"line":21,"column":19},"end":{"line":21,"column":50}},"15":{"start":{"line":22,"column":4},"end":{"line":22,"column":51}},"16":{"start":{"line":24,"column":4},"end":{"line":24,"column":69}},"17":{"start":{"line":28,"column":20},"end":{"line":53,"column":1}},"18":{"start":{"line":29,"column":2},"end":{"line":52,"column":3}},"19":{"start":{"line":30,"column":19},"end":{"line":30,"column":29}},"20":{"start":{"line":32,"column":23},"end":{"line":35,"column":5}},"21":{"start":{"line":37,"column":4},"end":{"line":39,"column":5}},"22":{"start":{"line":38,"column":6},"end":{"line":38,"column":81}},"23":{"start":{"line":41,"column":24},"end":{"line":44,"column":5}},"24":{"start":{"line":46,"column":17},"end":{"line":46,"column":35}},"25":{"start":{"line":47,"column":4},"end":{"line":47,"column":34}},"26":{"start":{"line":49,"column":4},"end":{"line":49,"column":44}},"27":{"start":{"line":51,"column":4},"end":{"line":51,"column":69}},"28":{"start":{"line":55,"column":19},"end":{"line":111,"column":1}},"29":{"start":{"line":56,"column":2},"end":{"line":110,"column":3}},"30":{"start":{"line":57,"column":80},"end":{"line":57,"column":88}},"31":{"start":{"line":59,"column":4},"end":{"line":61,"column":5}},"32":{"start":{"line":60,"column":6},"end":{"line":60,"column":83}},"33":{"start":{"line":63,"column":19},"end":{"line":63,"column":27}},"34":{"start":{"line":64,"column":19},"end":{"line":64,"column":39}},"35":{"start":{"line":66,"column":4},"end":{"line":107,"column":5}},"36":{"start":{"line":67,"column":6},"end":{"line":67,"column":34}},"37":{"start":{"line":70,"column":6},"end":{"line":74,"column":8}},"38":{"start":{"line":77,"column":6},"end":{"line":98,"column":7}},"39":{"start":{"line":78,"column":27},"end":{"line":78,"column":35}},"40":{"start":{"line":80,"column":8},"end":{"line":84,"column":10}},"41":{"start":{"line":87,"column":8},"end":{"line":90,"column":10}},"42":{"start":{"line":93,"column":8},"end":{"line":97,"column":10}},"43":{"start":{"line":100,"column":6},"end":{"line":100,"column":35}},"44":{"start":{"line":101,"column":6},"end":{"line":101,"column":67}},"45":{"start":{"line":103,"column":6},"end":{"line":103,"column":37}},"46":{"start":{"line":104,"column":6},"end":{"line":104,"column":18}},"47":{"start":{"line":106,"column":6},"end":{"line":106,"column":23}},"48":{"start":{"line":109,"column":4},"end":{"line":109,"column":69}},"49":{"start":{"line":113,"column":19},"end":{"line":127,"column":1}},"50":{"start":{"line":114,"column":2},"end":{"line":126,"column":3}},"51":{"start":{"line":115,"column":19},"end":{"line":115,"column":29}},"52":{"start":{"line":116,"column":60},"end":{"line":116,"column":68}},"53":{"start":{"line":118,"column":4},"end":{"line":121,"column":6}},"54":{"start":{"line":123,"column":4},"end":{"line":123,"column":57}},"55":{"start":{"line":125,"column":4},"end":{"line":125,"column":69}},"56":{"start":{"line":129,"column":19},"end":{"line":142,"column":1}},"57":{"start":{"line":130,"column":2},"end":{"line":141,"column":3}},"58":{"start":{"line":131,"column":19},"end":{"line":131,"column":29}},"59":{"start":{"line":133,"column":4},"end":{"line":136,"column":6}},"60":{"start":{"line":138,"column":4},"end":{"line":138,"column":57}},"61":{"start":{"line":140,"column":4},"end":{"line":140,"column":69}},"62":{"start":{"line":144,"column":19},"end":{"line":190,"column":1}},"63":{"start":{"line":145,"column":2},"end":{"line":189,"column":3}},"64":{"start":{"line":146,"column":19},"end":{"line":146,"column":29}},"65":{"start":{"line":148,"column":19},"end":{"line":148,"column":39}},"66":{"start":{"line":150,"column":4},"end":{"line":186,"column":5}},"67":{"start":{"line":151,"column":6},"end":{"line":151,"column":34}},"68":{"start":{"line":154,"column":26},"end":{"line":157,"column":7}},"69":{"start":{"line":160,"column":6},"end":{"line":171,"column":7}},"70":{"start":{"line":161,"column":8},"end":{"line":164,"column":10}},"71":{"start":{"line":166,"column":8},"end":{"line":170,"column":10}},"72":{"start":{"line":174,"column":6},"end":{"line":177,"column":8}},"73":{"start":{"line":179,"column":6},"end":{"line":179,"column":35}},"74":{"start":{"line":180,"column":6},"end":{"line":180,"column":60}},"75":{"start":{"line":182,"column":6},"end":{"line":182,"column":37}},"76":{"start":{"line":183,"column":6},"end":{"line":183,"column":18}},"77":{"start":{"line":185,"column":6},"end":{"line":185,"column":23}},"78":{"start":{"line":188,"column":4},"end":{"line":188,"column":69}},"79":{"start":{"line":192,"column":21},"end":{"line":200,"column":1}},"80":{"start":{"line":193,"column":2},"end":{"line":199,"column":3}},"81":{"start":{"line":194,"column":19},"end":{"line":194,"column":29}},"82":{"start":{"line":196,"column":4},"end":{"line":196,"column":62}},"83":{"start":{"line":198,"column":4},"end":{"line":198,"column":69}},"84":{"start":{"line":202,"column":22},"end":{"line":214,"column":1}},"85":{"start":{"line":203,"column":2},"end":{"line":213,"column":3}},"86":{"start":{"line":204,"column":19},"end":{"line":209,"column":5}},"87":{"start":{"line":210,"column":4},"end":{"line":210,"column":51}},"88":{"start":{"line":212,"column":4},"end":{"line":212,"column":69}},"89":{"start":{"line":216,"column":24},"end":{"line":228,"column":1}},"90":{"start":{"line":217,"column":2},"end":{"line":227,"column":3}},"91":{"start":{"line":218,"column":19},"end":{"line":223,"column":5}},"92":{"start":{"line":224,"column":4},"end":{"line":224,"column":51}},"93":{"start":{"line":226,"column":4},"end":{"line":226,"column":69}},"94":{"start":{"line":230,"column":0},"end":{"line":240,"column":2}}},"fnMap":{"0":{"name":"(anonymous_0)","decl":{"start":{"line":4,"column":20},"end":{"line":4,"column":21}},"loc":{"start":{"line":4,"column":40},"end":{"line":26,"column":1}},"line":4},"1":{"name":"(anonymous_1)","decl":{"start":{"line":28,"column":20},"end":{"line":28,"column":21}},"loc":{"start":{"line":28,"column":40},"end":{"line":53,"column":1}},"line":28},"2":{"name":"(anonymous_2)","decl":{"start":{"line":55,"column":19},"end":{"line":55,"column":20}},"loc":{"start":{"line":55,"column":39},"end":{"line":111,"column":1}},"line":55},"3":{"name":"(anonymous_3)","decl":{"start":{"line":113,"column":19},"end":{"line":113,"column":20}},"loc":{"start":{"line":113,"column":39},"end":{"line":127,"column":1}},"line":113},"4":{"name":"(anonymous_4)","decl":{"start":{"line":129,"column":19},"end":{"line":129,"column":20}},"loc":{"start":{"line":129,"column":39},"end":{"line":142,"column":1}},"line":129},"5":{"name":"(anonymous_5)","decl":{"start":{"line":144,"column":19},"end":{"line":144,"column":20}},"loc":{"start":{"line":144,"column":39},"end":{"line":190,"column":1}},"line":144},"6":{"name":"(anonymous_6)","decl":{"start":{"line":192,"column":21},"end":{"line":192,"column":22}},"loc":{"start":{"line":192,"column":41},"end":{"line":200,"column":1}},"line":192},"7":{"name":"(anonymous_7)","decl":{"start":{"line":202,"column":22},"end":{"line":202,"column":23}},"loc":{"start":{"line":202,"column":42},"end":{"line":214,"column":1}},"line":202},"8":{"name":"(anonymous_8)","decl":{"start":{"line":216,"column":24},"end":{"line":216,"column":25}},"loc":{"start":{"line":216,"column":44},"end":{"line":228,"column":1}},"line":216}},"branchMap":{"0":{"loc":{"start":{"line":6,"column":32},"end":{"line":6,"column":40}},"type":"default-arg","locations":[{"start":{"line":6,"column":39},"end":{"line":6,"column":40}}],"line":6},"1":{"loc":{"start":{"line":6,"column":42},"end":{"line":6,"column":52}},"type":"default-arg","locations":[{"start":{"line":6,"column":50},"end":{"line":6,"column":52}}],"line":6},"2":{"loc":{"start":{"line":12,"column":4},"end":{"line":16,"column":5}},"type":"if","locations":[{"start":{"line":12,"column":4},"end":{"line":16,"column":5}},{"start":{},"end":{}}],"line":12},"3":{"loc":{"start":{"line":12,"column":8},"end":{"line":12,"column":28}},"type":"binary-expr","locations":[{"start":{"line":12,"column":8},"end":{"line":12,"column":17}},{"start":{"line":12,"column":21},"end":{"line":12,"column":28}}],"line":12},"4":{"loc":{"start":{"line":37,"column":4},"end":{"line":39,"column":5}},"type":"if","locations":[{"start":{"line":37,"column":4},"end":{"line":39,"column":5}},{"start":{},"end":{}}],"line":37},"5":{"loc":{"start":{"line":59,"column":4},"end":{"line":61,"column":5}},"type":"if","locations":[{"start":{"line":59,"column":4},"end":{"line":61,"column":5}},{"start":{},"end":{}}],"line":59},"6":{"loc":{"start":{"line":59,"column":8},"end":{"line":59,"column":36}},"type":"binary-expr","locations":[{"start":{"line":59,"column":8},"end":{"line":59,"column":14}},{"start":{"line":59,"column":18},"end":{"line":59,"column":36}}],"line":59},"7":{"loc":{"start":{"line":73,"column":30},"end":{"line":73,"column":43}},"type":"binary-expr","locations":[{"start":{"line":73,"column":30},"end":{"line":73,"column":38}},{"start":{"line":73,"column":42},"end":{"line":73,"column":43}}],"line":73},"8":{"loc":{"start":{"line":73,"column":45},"end":{"line":73,"column":53}},"type":"binary-expr","locations":[{"start":{"line":73,"column":45},"end":{"line":73,"column":48}},{"start":{"line":73,"column":52},"end":{"line":73,"column":53}}],"line":73}},"s":{"0":0,"1":0,"2":0,"3":0,"4":0,"5":0,"6":0,"7":0,"8":0,"9":0,"10":0,"11":0,"12":0,"13":0,"14":0,"15":0,"16":0,"17":0,"18":0,"19":0,"20":0,"21":0,"22":0,"23":0,"24":0,"25":0,"26":0,"27":0,"28":0,"29":0,"30":0,"31":0,"32":0,"33":0,"34":0,"35":0,"36":0,"37":0,"38":0,"39":0,"40":0,"41":0,"42":0,"43":0,"44":0,"45":0,"46":0,"47":0,"48":0,"49":0,"50":0,"51":0,"52":0,"53":0,"54":0,"55":0,"56":0,"57":0,"58":0,"59":0,"60":0,"61":0,"62":0,"63":0,"64":0,"65":0,"66":0,"67":0,"68":0,"69":0,"70":0,"71":0,"72":0,"73":0,"74":0,"75":0,"76":0,"77":0,"78":0,"79":0,"80":0,"81":0,"82":0,"83":0,"84":0,"85":0,"86":0,"87":0,"88":0,"89":0,"90":0,"91":0,"92":0,"93":0,"94":0},"f":{"0":0,"1":0,"2":0,"3":0,"4":0,"5":0,"6":0,"7":0,"8":0},"b":{"0":[0],"1":[0],"2":[0,0],"3":[0,0],"4":[0,0],"5":[0,0],"6":[0,0],"7":[0,0],"8":[0,0]}}
,"/home/runner/work/shop-app/shop-app/src/backend/controllers/settings.controller.js": {"path":"/home/runner/work/shop-app/shop-app/src/backend/controllers/settings.controller.js","statementMap":{"0":{"start":{"line":1,"column":13},"end":{"line":1,"column":42}},"1":{"start":{"line":3,"column":20},"end":{"line":18,"column":1}},"2":{"start":{"line":4,"column":2},"end":{"line":17,"column":3}},"3":{"start":{"line":5,"column":19},"end":{"line":7,"column":5}},"4":{"start":{"line":9,"column":21},"end":{"line":9,"column":23}},"5":{"start":{"line":10,"column":4},"end":{"line":12,"column":7}},"6":{"start":{"line":11,"column":6},"end":{"line":11,"column":36}},"7":{"start":{"line":14,"column":4},"end":{"line":14,"column":48}},"8":{"start":{"line":16,"column":4},"end":{"line":16,"column":69}},"9":{"start":{"line":20,"column":23},"end":{"line":36,"column":1}},"10":{"start":{"line":21,"column":2},"end":{"line":35,"column":3}},"11":{"start":{"line":22,"column":25},"end":{"line":22,"column":33}},"12":{"start":{"line":24,"column":4},"end":{"line":30,"column":5}},"13":{"start":{"line":25,"column":6},"end":{"line":29,"column":8}},"14":{"start":{"line":32,"column":4},"end":{"line":32,"column":61}},"15":{"start":{"line":34,"column":4},"end":{"line":34,"column":69}},"16":{"start":{"line":38,"column":28},"end":{"line":51,"column":1}},"17":{"start":{"line":39,"column":2},"end":{"line":50,"column":3}},"18":{"start":{"line":40,"column":53},"end":{"line":40,"column":61}},"19":{"start":{"line":42,"column":4},"end":{"line":45,"column":6}},"20":{"start":{"line":47,"column":4},"end":{"line":47,"column":74}},"21":{"start":{"line":49,"column":4},"end":{"line":49,"column":69}},"22":{"start":{"line":53,"column":24},"end":{"line":66,"column":1}},"23":{"start":{"line":54,"column":2},"end":{"line":65,"column":3}},"24":{"start":{"line":55,"column":34},"end":{"line":55,"column":42}},"25":{"start":{"line":57,"column":4},"end":{"line":60,"column":6}},"26":{"start":{"line":62,"column":4},"end":{"line":62,"column":70}},"27":{"start":{"line":64,"column":4},"end":{"line":64,"column":69}},"28":{"start":{"line":68,"column":22},"end":{"line":89,"column":1}},"29":{"start":{"line":69,"column":2},"end":{"line":88,"column":3}},"30":{"start":{"line":70,"column":15},"end":{"line":70,"column":28}},"31":{"start":{"line":72,"column":4},"end":{"line":85,"column":7}},"32":{"start":{"line":87,"column":4},"end":{"line":87,"column":69}},"33":{"start":{"line":91,"column":0},"end":{"line":97,"column":2}}},"fnMap":{"0":{"name":"(anonymous_0)","decl":{"start":{"line":3,"column":20},"end":{"line":3,"column":21}},"loc":{"start":{"line":3,"column":40},"end":{"line":18,"column":1}},"line":3},"1":{"name":"(anonymous_1)","decl":{"start":{"line":10,"column":24},"end":{"line":10,"column":25}},"loc":{"start":{"line":10,"column":31},"end":{"line":12,"column":5}},"line":10},"2":{"name":"(anonymous_2)","decl":{"start":{"line":20,"column":23},"end":{"line":20,"column":24}},"loc":{"start":{"line":20,"column":43},"end":{"line":36,"column":1}},"line":20},"3":{"name":"(anonymous_3)","decl":{"start":{"line":38,"column":28},"end":{"line":38,"column":29}},"loc":{"start":{"line":38,"column":48},"end":{"line":51,"column":1}},"line":38},"4":{"name":"(anonymous_4)","decl":{"start":{"line":53,"column":24},"end":{"line":53,"column":25}},"loc":{"start":{"line":53,"column":44},"end":{"line":66,"column":1}},"line":53},"5":{"name":"(anonymous_5)","decl":{"start":{"line":68,"column":22},"end":{"line":68,"column":23}},"loc":{"start":{"line":68,"column":36},"end":{"line":89,"column":1}},"line":68}},"branchMap":{},"s":{"0":0,"1":0,"2":0,"3":0,"4":0,"5":0,"6":0,"7":0,"8":0,"9":0,"10":0,"11":0,"12":0,"13":0,"14":0,"15":0,"16":0,"17":0,"18":0,"19":0,"20":0,"21":0,"22":0,"23":0,"24":0,"25":0,"26":0,"27":0,"28":0,"29":0,"30":0,"31":0,"32":0,"33":0},"f":{"0":0,"1":0,"2":0,"3":0,"4":0,"5":0},"b":{}}
,"/home/runner/work/shop-app/shop-app/src/backend/controllers/suppliers.controller.js": {"path":"/home/runner/work/shop-app/shop-app/src/backend/controllers/suppliers.controller.js","statementMap":{"0":{"start":{"line":1,"column":13},"end":{"line":1,"column":42}},"1":{"start":{"line":2,"column":23},"end":{"line":2,"column":38}},"2":{"start":{"line":4,"column":24},"end":{"line":11,"column":1}},"3":{"start":{"line":5,"column":2},"end":{"line":10,"column":3}},"4":{"start":{"line":6,"column":19},"end":{"line":6,"column":76}},"5":{"start":{"line":7,"column":4},"end":{"line":7,"column":51}},"6":{"start":{"line":9,"column":4},"end":{"line":9,"column":69}},"7":{"start":{"line":13,"column":24},"end":{"line":26,"column":1}},"8":{"start":{"line":14,"column":2},"end":{"line":25,"column":3}},"9":{"start":{"line":15,"column":19},"end":{"line":15,"column":29}},"10":{"start":{"line":16,"column":19},"end":{"line":16,"column":82}},"11":{"start":{"line":18,"column":4},"end":{"line":20,"column":5}},"12":{"start":{"line":19,"column":6},"end":{"line":19,"column":85}},"13":{"start":{"line":22,"column":4},"end":{"line":22,"column":54}},"14":{"start":{"line":24,"column":4},"end":{"line":24,"column":69}},"15":{"start":{"line":28,"column":26},"end":{"line":39,"column":1}},"16":{"start":{"line":29,"column":2},"end":{"line":38,"column":3}},"17":{"start":{"line":30,"column":19},"end":{"line":30,"column":29}},"18":{"start":{"line":31,"column":19},"end":{"line":34,"column":5}},"19":{"start":{"line":35,"column":4},"end":{"line":35,"column":51}},"20":{"start":{"line":37,"column":4},"end":{"line":37,"column":69}},"21":{"start":{"line":41,"column":23},"end":{"line":56,"column":1}},"22":{"start":{"line":42,"column":2},"end":{"line":55,"column":3}},"23":{"start":{"line":43,"column":66},"end":{"line":43,"column":74}},"24":{"start":{"line":44,"column":23},"end":{"line":44,"column":31}},"25":{"start":{"line":46,"column":4},"end":{"line":50,"column":6}},"26":{"start":{"line":52,"column":4},"end":{"line":52,"column":73}},"27":{"start":{"line":54,"column":4},"end":{"line":54,"column":69}},"28":{"start":{"line":58,"column":23},"end":{"line":72,"column":1}},"29":{"start":{"line":59,"column":2},"end":{"line":71,"column":3}},"30":{"start":{"line":60,"column":19},"end":{"line":60,"column":29}},"31":{"start":{"line":61,"column":66},"end":{"line":61,"column":74}},"32":{"start":{"line":63,"column":4},"end":{"line":66,"column":6}},"33":{"start":{"line":68,"column":4},"end":{"line":68,"column":61}},"34":{"start":{"line":70,"column":4},"end":{"line":70,"column":69}},"35":{"start":{"line":74,"column":23},"end":{"line":82,"column":1}},"36":{"start":{"line":75,"column":2},"end":{"line":81,"column":3}},"37":{"start":{"line":76,"column":19},"end":{"line":76,"column":29}},"38":{"start":{"line":77,"column":4},"end":{"line":77,"column":66}},"39":{"start":{"line":78,"column":4},"end":{"line":78,"column":61}},"40":{"start":{"line":80,"column":4},"end":{"line":80,"column":69}},"41":{"start":{"line":84,"column":20},"end":{"line":119,"column":1}},"42":{"start":{"line":85,"column":2},"end":{"line":118,"column":3}},"43":{"start":{"line":86,"column":49},"end":{"line":86,"column":57}},"44":{"start":{"line":87,"column":20},"end":{"line":87,"column":28}},"45":{"start":{"line":89,"column":19},"end":{"line":89,"column":39}},"46":{"start":{"line":91,"column":4},"end":{"line":115,"column":5}},"47":{"start":{"line":92,"column":6},"end":{"line":92,"column":34}},"48":{"start":{"line":94,"column":6},"end":{"line":98,"column":8}},"49":{"start":{"line":100,"column":6},"end":{"line":106,"column":7}},"50":{"start":{"line":101,"column":8},"end":{"line":105,"column":10}},"51":{"start":{"line":108,"column":6},"end":{"line":108,"column":35}},"52":{"start":{"line":109,"column":6},"end":{"line":109,"column":69}},"53":{"start":{"line":111,"column":6},"end":{"line":111,"column":37}},"54":{"start":{"line":112,"column":6},"end":{"line":112,"column":18}},"55":{"start":{"line":114,"column":6},"end":{"line":114,"column":23}},"56":{"start":{"line":117,"column":4},"end":{"line":117,"column":69}},"57":{"start":{"line":121,"column":26},"end":{"line":135,"column":1}},"58":{"start":{"line":122,"column":2},"end":{"line":134,"column":3}},"59":{"start":{"line":123,"column":19},"end":{"line":123,"column":29}},"60":{"start":{"line":124,"column":23},"end":{"line":124,"column":31}},"61":{"start":{"line":126,"column":4},"end":{"line":129,"column":6}},"62":{"start":{"line":131,"column":4},"end":{"line":131,"column":65}},"63":{"start":{"line":133,"column":4},"end":{"line":133,"column":69}},"64":{"start":{"line":137,"column":0},"end":{"line":146,"column":2}}},"fnMap":{"0":{"name":"(anonymous_0)","decl":{"start":{"line":4,"column":24},"end":{"line":4,"column":25}},"loc":{"start":{"line":4,"column":44},"end":{"line":11,"column":1}},"line":4},"1":{"name":"(anonymous_1)","decl":{"start":{"line":13,"column":24},"end":{"line":13,"column":25}},"loc":{"start":{"line":13,"column":44},"end":{"line":26,"column":1}},"line":13},"2":{"name":"(anonymous_2)","decl":{"start":{"line":28,"column":26},"end":{"line":28,"column":27}},"loc":{"start":{"line":28,"c
[...]
,"/home/runner/work/shop-app/shop-app/src/frontend/pages/LoginPage.jsx": {"path":"/home/runner/work/shop-app/shop-app/src/frontend/pages/LoginPage.jsx","statementMap":{"0":{"start":{"line":7,"column":19},"end":{"line":7,"column":32}},"1":{"start":{"line":8,"column":38},"end":{"line":8,"column":52}},"2":{"start":{"line":9,"column":34},"end":{"line":12,"column":4}},"3":{"start":{"line":14,"column":23},"end":{"line":19,"column":3}},"4":{"start":{"line":15,"column":4},"end":{"line":18,"column":7}},"5":{"start":{"line":21,"column":23},"end":{"line":27,"column":3}},"6":{"start":{"line":22,"column":4},"end":{"line":22,"column":23}},"7":{"start":{"line":23,"column":20},"end":{"line":23,"column":66}},"8":{"start":{"line":24,"column":4},"end":{"line":26,"column":5}},"9":{"start":{"line":25,"column":6},"end":{"line":25,"column":20}},"10":{"start":{"line":29,"column":2},"end":{"line":110,"column":4}}},"fnMap":{"0":{"name":"LoginPage","decl":{"start":{"line":6,"column":9},"end":{"line":6,"column":18}},"loc":{"start":{"line":6,"column":21},"end":{"line":111,"column":1}},"line":6},"1":{"name":"(anonymous_1)","decl":{"start":{"line":14,"column":23},"end":{"line":14,"column":24}},"loc":{"start":{"line":14,"column":30},"end":{"line":19,"column":3}},"line":14},"2":{"name":"(anonymous_2)","decl":{"start":{"line":21,"column":23},"end":{"line":21,"column":24}},"loc":{"start":{"line":21,"column":36},"end":{"line":27,"column":3}},"line":21}},"branchMap":{"0":{"loc":{"start":{"line":24,"column":4},"end":{"line":26,"column":5}},"type":"if","locations":[{"start":{"line":24,"column":4},"end":{"line":26,"column":5}},{"start":{},"end":{}}],"line":24},"1":{"loc":{"start":{"line":44,"column":9},"end":{"line":48,"column":9}},"type":"binary-expr","locations":[{"start":{"line":44,"column":9},"end":{"line":44,"column":14}},{"start":{"line":45,"column":10},"end":{"line":47,"column":16}}],"line":44},"2":{"loc":{"start":{"line":100,"column":13},"end":{"line":100,"column":52}},"type":"cond-expr","locations":[{"start":{"line":100,"column":25},"end":{"line":100,"column":40}},{"start":{"line":100,"column":43},"end":{"line":100,"column":52}}],"line":100}},"s":{"0":0,"1":0,"2":0,"3":0,"4":0,"5":0,"6":0,"7":0,"8":0,"9":0,"10":0},"f":{"0":0,"1":0,"2":0},"b":{"0":[0,0],"1":[0,0],"2":[0,0]}}
,"/home/runner/work/shop-app/shop-app/src/frontend/pages/POSPage.jsx": {"path":"/home/runner/work/shop-app/shop-app/src/frontend/pages/POSPage.jsx","statementMap":{"0":{"start":{"line":4,"column":2},"end":{"line":14,"column":4}}},"fnMap":{"0":{"name":"POSPage","decl":{"start":{"line":3,"column":9},"end":{"line":3,"column":16}},"loc":{"start":{"line":3,"column":19},"end":{"line":15,"column":1}},"line":3}},"branchMap":{},"s":{"0":0},"f":{"0":0},"b":{}}
,"/home/runner/work/shop-app/shop-app/src/frontend/pages/ReportsPage.jsx": {"path":"/home/runner/work/shop-app/shop-app/src/frontend/pages/ReportsPage.jsx","statementMap":{"0":{"start":{"line":4,"column":2},"end":{"line":14,"column":4}}},"fnMap":{"0":{"name":"ReportsPage","decl":{"start":{"line":3,"column":9},"end":{"line":3,"column":20}},"loc":{"start":{"line":3,"column":23},"end":{"line":15,"column":1}},"line":3}},"branchMap":{},"s":{"0":0},"f":{"0":0},"b":{}}
,"/home/runner/work/shop-app/shop-app/src/frontend/pages/SalesPage.jsx": {"path":"/home/runner/work/shop-app/shop-app/src/frontend/pages/SalesPage.jsx","statementMap":{"0":{"start":{"line":4,"column":2},"end":{"line":14,"column":4}}},"fnMap":{"0":{"name":"SalesPage","decl":{"start":{"line":3,"column":9},"end":{"line":3,"column":18}},"loc":{"start":{"line":3,"column":21},"end":{"line":15,"column":1}},"line":3}},"branchMap":{},"s":{"0":0},"f":{"0":0},"b":{}}
,"/home/runner/work/shop-app/shop-app/src/frontend/pages/SettingsPage.jsx": {"path":"/home/runner/work/shop-app/shop-app/src/frontend/pages/SettingsPage.jsx","statementMap":{"0":{"start":{"line":4,"column":2},"end":{"line":14,"column":4}}},"fnMap":{"0":{"name":"SettingsPage","decl":{"start":{"line":3,"column":9},"end":{"line":3,"column":21}},"loc":{"start":{"line":3,"column":24},"end":{"line":15,"column":1}},"line":3}},"branchMap":{},"s":{"0":0},"f":{"0":0},"b":{}}
,"/home/runner/work/shop-app/shop-app/src/frontend/pages/SuppliersPage.jsx": {"path":"/home/runner/work/shop-app/shop-app/src/frontend/pages/SuppliersPage.jsx","statementMap":{"0":{"start":{"line":4,"column":2},"end":{"line":14,"column":4}}},"fnMap":{"0":{"name":"SuppliersPage","decl":{"start":{"line":3,"column":9},"end":{"line":3,"column":22}},"loc":{"start":{"line":3,"column":25},"end":{"line":15,"column":1}},"line":3}},"branchMap":{},"s":{"0":0},"f":{"0":0},"b":{}}
,"/home/runner/work/shop-app/shop-app/src/frontend/store/authStore.js": {"path":"/home/runner/work/shop-app/shop-app/src/frontend/store/authStore.js","statementMap":{"0":{"start":{"line":4,"column":17},"end":{"line":4,"column":44}},"1":{"start":{"line":6,"column":28},"end":{"line":61,"column":3}},"2":{"start":{"line":6,"column":45},"end":{"line":61,"column":1}},"3":{"start":{"line":13,"column":4},"end":{"line":13,"column":42}},"4":{"start":{"line":14,"column":4},"end":{"line":27,"column":5}},"5":{"start":{"line":15,"column":23},"end":{"line":15,"column":86}},"6":{"start":{"line":16,"column":30},"end":{"line":16,"column":43}},"7":{"start":{"line":18,"column":6},"end":{"line":18,"column":43}},"8":{"start":{"line":19,"column":6},"end":{"line":19,"column":57}},"9":{"start":{"line":21,"column":6},"end":{"line":21,"column":45}},"10":{"start":{"line":22,"column":6},"end":{"line":22,"column":18}},"11":{"start":{"line":24,"column":22},"end":{"line":24,"column":69}},"12":{"start":{"line":25,"column":6},"end":{"line":25,"column":48}},"13":{"start":{"line":26,"column":6},"end":{"line":26,"column":19}},"14":{"start":{"line":31,"column":4},"end":{"line":31,"column":42}},"15":{"start":{"line":32,"column":4},"end":{"line":40,"column":5}},"16":{"start":{"line":33,"column":6},"end":{"line":33,"column":100}},"17":{"start":{"line":34,"column":6},"end":{"line":34,"column":32}},"18":{"start":{"line":35,"column":6},"end":{"line":35,"column":18}},"19":{"start":{"line":37,"column":22},"end":{"line":37,"column":76}},"20":{"start":{"line":38,"column":6},"end":{"line":38,"column":48}},"21":{"start":{"line":39,"column":6},"end":{"line":39,"column":19}},"22":{"start":{"line":44,"column":4},"end":{"line":44,"column":37}},"23":{"start":{"line":45,"column":4},"end":{"line":45,"column":36}},"24":{"start":{"line":46,"column":4},"end":{"line":46,"column":37}},"25":{"start":{"line":50,"column":4},"end":{"line":50,"column":42}},"26":{"start":{"line":51,"column":4},"end":{"line":59,"column":5}},"27":{"start":{"line":52,"column":6},"end":{"line":52,"column":76}},"28":{"start":{"line":53,"column":6},"end":{"line":53,"column":32}},"29":{"start":{"line":54,"column":6},"end":{"line":54,"column":18}},"30":{"start":{"line":56,"column":22},"end":{"line":56,"column":82}},"31":{"start":{"line":57,"column":6},"end":{"line":57,"column":48}},"32":{"start":{"line":58,"column":6},"end":{"line":58,"column":19}}},"fnMap":{"0":{"name":"(anonymous_0)","decl":{"start":{"line":6,"column":35},"end":{"line":6,"column":36}},"loc":{"start":{"line":6,"column":45},"end":{"line":61,"column":1}},"line":6},"1":{"name":"(anonymous_1)","decl":{"start":{"line":12,"column":9},"end":{"line":12,"column":10}},"loc":{"start":{"line":12,"column":36},"end":{"line":28,"column":3}},"line":12},"2":{"name":"(anonymous_2)","decl":{"start":{"line":30,"column":12},"end":{"line":30,"column":13}},"loc":{"start":{"line":30,"column":55},"end":{"line":41,"column":3}},"line":30},"3":{"name":"(anonymous_3)","decl":{"start":{"line":43,"column":10},"end":{"line":43,"column":11}},"loc":{"start":{"line":43,"column":16},"end":{"line":47,"column":3}},"line":43},"4":{"name":"(anonymous_4)","decl":{"start":{"line":49,"column":19},"end":{"line":49,"column":20}},"loc":{"start":{"line":49,"column":41},"end":{"line":60,"column":3}},"line":49}},"branchMap":{"0":{"loc":{"start":{"line":7,"column":9},"end":{"line":7,"column":46}},"type":"binary-expr","locations":[{"start":{"line":7,"column":9},"end":{"line":7,"column":38}},{"start":{"line":7,"column":42},"end":{"line":7,"column":46}}],"line":7},"1":{"loc":{"start":{"line":8,"column":8},"end":{"line":8,"column":56}},"type":"binary-expr","locations":[{"start":{"line":8,"column":8},"end":{"line":8,"column":48}},{"start":{"line":8,"column":52},"end":{"line":8,"column":56}}],"line":8},"2":{"loc":{"start":{"line":24,"column":22},"end":{"line":24,"column":69}},"type":"binary-expr","locations":[{"start":{"line":24,"column":22},"end":{"line":24,"column":51}},{"start":{"line":24,"column":55},"end":{"line":24,"column":69}}],"line":24},"3":{"loc":{"start":{"line":37,"column":22},"end":{"line":37,"column":76}},"type":"binary-expr","locations":[{"start":{"line":37,"column":22},"end":{"line":37,"column":51}},{"start":{"line":37,"column":55},"end":{"line":37,"column":76}}],"line":37},"4":{"loc":{"start":{"line":56,"column":22},"end":{"line":56,"column":82}},"type":"binary-expr","locations":[{"start":{"line":56,"column":22},"end":{"line":56,"column":51}},{"start":{"line":56,"column":55},"end":{"line":56,"column":82}}],"line":56}},"s":{"0":0,"1":0,"2":0,"3":0,"4":0,"5":0,"6":0,"7":0,"8":0,"9":0,"10":0,"11":0,"12":0,"13":0,"14":0,"15":0,"16":0,"17":0,"18":0,"19":0,"20":0,"21":0,"22":0,"23":0,"24":0,"25":0,"26":0,"27":0,"28":0,"29":0,"30":0,"31":0,"32":0},"f":{"0":0,"1":0,"2":0,"3":0,"4":0},"b":{"0":[0,0],"1":[0,0],"2":[0,0],"3":[0,0],"4":[0,0]}}
,"/home/runner/work/shop-app/shop-app/src/frontend/store/productStore.js": {"path":"/home/runner/work/shop-app/shop-app/src/frontend/store/productStore.js","statementMap":{"0":{"start":{"line":4,"column":17},"end":{"line":4,"column":44}},"1":{"start":{"line":6,"column":31},"end":{"line":75,"column":3}},"2":{"start":{"line":6,"column":48},"end":{"line":75,"column":1}},"3":{"start":{"line":13,"column":4},"end":{"line":13,"column":42}},"4":{"start":{"line":14,"column":4},"end":{"line":22,"column":5}},"5":{"start":{"line":15,"column":20},"end":{"line":15,"column":49}},"6":{"start":{"line":16,"column":23},"end":{"line":18,"column":8}},"7":{"start":{"line":19,"column":6},"end":{"line":19,"column":62}},"8":{"start":{"line":21,"column":6},"end":{"line":21,"column":54}},"9":{"start":{"line":26,"column":4},"end":{"line":34,"column":5}},"10":{"start":{"line":27,"column":20},"end":{"line":27,"column":49}},"11":{"start":{"line":28,"column":23},"end":{"line":30,"column":8}},"12":{"start":{"line":31,"column":6},"end":{"line":31,"column":44}},"13":{"start":{"line":33,"column":6},"end":{"line":33,"column":44}},"14":{"start":{"line":38,"column":4},"end":{"line":47,"column":5}},"15":{"start":{"line":39,"column":20},"end":{"line":39,"column":49}},"16":{"start":{"line":40,"column":23},"end":{"line":42,"column":8}},"17":{"start":{"line":43,"column":6},"end":{"line":43,"column":50}},"18":{"start":{"line":44,"column":6},"end":{"line":44,"column":32}},"19":{"start":{"line":46,"column":6},"end":{"line":46,"column":51}},"20":{"start":{"line":51,"column":4},"end":{"line":60,"column":5}},"21":{"start":{"line":52,"column":20},"end":{"line":52,"column":49}},"22":{"start":{"line":53,"column":23},"end":{"line":55,"column":8}},"23":{"start":{"line":56,"column":6},"end":{"line":56,"column":27}},"24":{"start":{"line":58,"column":6},"end":{"line":58,"column":36}},"25":{"start":{"line":59,"column":6},"end":{"line":59,"column":18}},"26":{"start":{"line":64,"column":4},"end":{"line":73,"column":5}},"27":{"start":{"line":65,"column":20},"end":{"line":65,"column":49}},"28":{"start":{"line":66,"column":23},"end":{"line":68,"column":8}},"29":{"start":{"line":69,"column":6},"end":{"line":69,"column":27}},"30":{"start":{"line":71,"column":6},"end":{"line":71,"column":36}},"31":{"start":{"line":72,"column":6},"end":{"line":72,"column":18}}},"fnMap":{"0":{"name":"(anonymous_0)","decl":{"start":{"line":6,"column":38},"end":{"line":6,"column":39}},"loc":{"start":{"line":6,"column":48},"end":{"line":75,"column":1}},"line":6},"1":{"name":"(anonymous_1)","decl":{"start":{"line":12,"column":15},"end":{"line":12,"column":16}},"loc":{"start":{"line":12,"column":27},"end":{"line":23,"column":3}},"line":12},"2":{"name":"(anonymous_2)","decl":{"start":{"line":25,"column":18},"end":{"line":25,"column":19}},"loc":{"start":{"line":25,"column":35},"end":{"line":35,"column":3}},"line":25},"3":{"name":"(anonymous_3)","decl":{"start":{"line":37,"column":18},"end":{"line":37,"column":19}},"loc":{"start":{"line":37,"column":32},"end":{"line":48,"column":3}},"line":37},"4":{"name":"(anonymous_4)","decl":{"start":{"line":50,"column":17},"end":{"line":50,"column":18}},"loc":{"start":{"line":50,"column":40},"end":{"line":61,"column":3}},"line":50},"5":{"name":"(anonymous_5)","decl":{"start":{"line":63,"column":17},"end":{"line":63,"column":18}},"loc":{"start":{"line":63,"column":44},"end":{"line":74,"column":3}},"line":63}},"branchMap":{},"s":{"0":0,"1":0,"2":0,"3":0,"4":0,"5":0,"6":0,"7":0,"8":0,"9":0,"10":0,"11":0,"12":0,"13":0,"14":0,"15":0,"16":0,"17":0,"18":0,"19":0,"20":0,"21":0,"22":0,"23":0,"24":0,"25":0,"26":0,"27":0,"28":0,"29":0,"30":0,"31":0},"f":{"0":0,"1":0,"2":0,"3":0,"4":0,"5":0},"b":{}}
,"/home/runner/work/shop-app/shop-app/src/frontend/store/salesStore.js": {"path":"/home/runner/work/shop-app/shop-app/src/frontend/store/salesStore.js","statementMap":{"0":{"start":{"line":4,"column":17},"end":{"line":4,"column":44}},"1":{"start":{"line":6,"column":29},"end":{"line":65,"column":3}},"2":{"start":{"line":6,"column":46},"end":{"line":65,"column":1}},"3":{"start":{"line":14,"column":4},"end":{"line":14,"column":42}},"4":{"start":{"line":15,"column":4},"end":{"line":24,"column":5}},"5":{"start":{"line":16,"column":20},"end":{"line":16,"column":49}},"6":{"start":{"line":17,"column":23},"end":{"line":20,"column":8}},"7":{"start":{"line":21,"column":6},"end":{"line":21,"column":59}},"8":{"start":{"line":23,"column":6},"end":{"line":23,"column":54}},"9":{"start":{"line":28,"column":4},"end":{"line":28,"column":42}},"10":{"start":{"line":29,"column":4},"end":{"line":39,"column":5}},"11":{"start":{"line":30,"column":20},"end":{"line":30,"column":49}},"12":{"start":{"line":31,"column":23},"end":{"line":33,"column":8}},"13":{"start":{"line":34,"column":6},"end":{"line":34,"column":32}},"14":{"start":{"line":35,"column":6},"end":{"line":35,"column":27}},"15":{"start":{"line":37,"column":6},"end":{"line":37,"column":54}},"16":{"start":{"line":38,"column":6},"end":{"line":38,"column":18}},"17":{"start":{"line":43,"column":4},"end":{"line":53,"column":7}},"18":{"start":{"line":44,"column":23},"end":{"line":44,"column":82}},"19":{"start":{"line":44,"column":51},"end":{"line":44,"column":81}},"20":{"start":{"line":45,"column":6},"end":{"line":51,"column":7}},"21":{"start":{"line":46,"column":8},"end":{"line":50,"column":10}},"22":{"start":{"line":48,"column":12},"end":{"line":48,"column":95}},"23":{"start":{"line":52,"column":6},"end":{"line":52,"column":55}},"24":{"start":{"line":57,"column":4},"end":{"line":59,"column":8}},"25":{"start":{"line":57,"column":20},"end":{"line":59,"column":5}},"26":{"start":{"line":58,"column":47},"end":{"line":58,"column":72}},"27":{"start":{"line":63,"column":4},"end":{"line":63,"column":27}}},"fnMap":{"0":{"name":"(anonymous_0)","decl":{"start":{"line":6,"column":36},"end":{"line":6,"column":37}},"loc":{"start":{"line":6,"column":46},"end":{"line":65,"column":1}},"line":6},"1":{"name":"(anonymous_1)","decl":{"start":{"line":13,"column":12},"end":{"line":13,"column":13}},"loc":{"start":{"line":13,"column":42},"end":{"line":25,"column":3}},"line":13},"2":{"name":"(anonymous_2)","decl":{"start":{"line":27,"column":14},"end":{"line":27,"column":15}},"loc":{"start":{"line":27,"column":34},"end":{"line":40,"column":3}},"line":27},"3":{"name":"(anonymous_3)","decl":{"start":{"line":42,"column":13},"end":{"line":42,"column":14}},"loc":{"start":{"line":42,"column":23},"end":{"line":54,"column":3}},"line":42},"4":{"name":"(anonymous_4)","decl":{"start":{"line":43,"column":8},"end":{"line":43,"column":9}},"loc":{"start":{"line":43,"column":19},"end":{"line":53,"column":5}},"line":43},"5":{"name":"(anonymous_5)","decl":{"start":{"line":44,"column":44},"end":{"line":44,"column":45}},"loc":{"start":{"line":44,"column":51},"end":{"line":44,"column":81}},"line":44},"6":{"name":"(anonymous_6)","decl":{"start":{"line":47,"column":41},"end":{"line":47,"column":42}},"loc":{"start":{"line":48,"column":12},"end":{"line":48,"column":95}},"line":48},"7":{"name":"(anonymous_7)","decl":{"start":{"line":56,"column":18},"end":{"line":56,"column":19}},"loc":{"start":{"line":56,"column":33},"end":{"line":60,"column":3}},"line":56},"8":{"name":"(anonymous_8)","decl":{"start":{"line":57,"column":8},"end":{"line":57,"column":9}},"loc":{"start":{"line":57,"column":20},"end":{"line":59,"column":5}},"line":57},"9":{"name":"(anonymous_9)","decl":{"start":{"line":58,"column":40},"end":{"line":58,"column":41}},"loc":{"start":{"line":58,"column":47},"end":{"line":58,"column":72}},"line":58},"10":{"name":"(anonymous_10)","decl":{"start":{"line":62,"column":13},"end":{"line":62,"column":14}},"loc":{"start":{"line":62,"column":19},"end":{"line":64,"column":3}},"line":62}},"branchMap":{"0":{"loc":{"start":{"line":45,"column":6},"end":{"line":51,"column":7}},"type":"if","locations":[{"start":{"line":45,"column":6},"end":{"line":51,"column":7}},{"start":{},"end":{}}],"line":45},"1":{"loc":{"start":{"line":48,"column":12},"end":{"line":48,"column":95}},"type":"cond-expr","locations":[{"start":{"line":48,"column":45},"end":{"line":48,"column":91}},{"start":{"line":48,"column":94},"end":{"line":48,"column":95}}],"line":48}},"s":{"0":1,"1":1,"2":1,"3":2,"4":2,"5":2,"6":2,"7":1,"8":1,"9":2,"10":2,"11":2,"12":2,"13":1,"14":1,"15":1,"16":1,"17":2,"18":2,"19":1,"20":2,"21":1,"22":1,"23":1,"24":1,"25":1,"26":2,"27":1},"f":{"0":1,"1":2,"2":2,"3":2,"4":2,"5":1,"6":1,"7":1,"8":1,"9":2,"10":1},"b":{"0":[1,1],"1":[1,0]},"_coverageSchema":"1a1c01bbd47fc00a2c39e90264f33305004495a9","hash":"e080fd0a878ec4ea2ab6d37628ff4ec0dcdb0b61"}
}
